2014/09/08 23:58:00 [error] [system.db.CDbCommand] Falha ao executar CDbCommand::fetchAll(): SQLSTATE[42S22]: Column not found: 1054 Unknown column 'c.datacontrolo1' in 'field list'. A declaração SQL executada foi: SELECT c.id, f.nome, c.datacontrolo1, c.datacontrolo2, c.datacontrolo3, c.fim FROM contrato c  LEFT JOIN funcionarios f ON c.idutilizador = f.id  WHERE (c.fim IS NULL OR c.fim >= NOW() OR c.fim = '0000-00-00 00:00:00')  AND ( c.datacontrolo1 <= DATE_ADD(NOW(),INTERVAL 15 DAY)  OR c.datacontrolo2 <= DATE_ADD(NOW(),INTERVAL 15 DAY)  OR c.datacontrolo3 <= DATE_ADD(NOW(),INTERVAL 15 DAY) ).
2014/09/08 23:58:00 [error] [exception.CDbException] exception 'CDbException' with message 'CDbCommand falhou ao executar o comando SQL: SQLSTATE[42S22]: Column not found: 1054 Unknown column 'c.datacontrolo1' in 'field list'' in /var/www/clients/client19/web7/web/yii/framework/db/CDbCommand.php:528
Stack trace:
#0 /var/www/clients/client19/web7/web/yii/framework/db/CDbCommand.php(390): CDbCommand->queryInternal('fetchAll', Array, Array)
#1 /var/www/clients/client19/web7/web/protected/controllers/SiteController.php(52): CDbCommand->queryAll()
#2 /var/www/clients/client19/web7/web/yii/framework/web/actions/CInlineAction.php(50): SiteController->actionIndex()
#3 /var/www/clients/client19/web7/web/yii/framework/web/CController.php(309): CInlineAction->runWithParams(Array)
#4 /var/www/clients/client19/web7/web/yii/framework/web/CController.php(287): CController->runAction(Object(CInlineAction))
#5 /var/www/clients/client19/web7/web/yii/framework/web/CController.php(266): CController->runActionWithFilters(Object(CInlineAction), Array)
#6 /var/www/clients/client19/web7/web/yii/framework/web/CWebApplication.php(283): CController->run('')
#7 /var/www/clients/client19/web7/web/yii/framework/web/CWebApplication.php(142): CWebApplication->runController('')
#8 /var/www/clients/client19/web7/web/yii/framework/base/CApplication.php(162): CWebApplication->processRequest()
#9 /var/www/clients/client19/web7/web/index.php(13): CApplication->run()
#10 {main}
REQUEST_URI=/
---
2014/09/09 09:34:02 [error] [system.db.CDbCommand] Falha ao executar CDbCommand::fetchAll(): SQLSTATE[42S02]: Base table or view not found: 1146 Table 'c19_restauracao.tipoContrato' doesn't exist. A declaração SQL executada foi: SHOW COLUMNS FROM `tipoContrato`.
2014/09/09 09:34:03 [error] [exception.CDbException] exception 'CDbException' with message 'A tabela "tipoContrato" da classe de active record "TipoContrato", não pôde ser encontrada no banco de dados.' in /var/www/clients/client19/web7/web/yii/framework/db/ar/CActiveRecord.php:2312
Stack trace:
#0 /var/www/clients/client19/web7/web/yii/framework/db/ar/CActiveRecord.php(388): CActiveRecordMetaData->__construct(Object(TipoContrato))
#1 /var/www/clients/client19/web7/web/protected/models/TipoContrato.php(19): CActiveRecord::model('TipoContrato')
#2 /var/www/clients/client19/web7/web/protected/views/contrato/_form.php(21): TipoContrato::model()
#3 /var/www/clients/client19/web7/web/yii/framework/web/CBaseController.php(127): require('/var/www/client...')
#4 /var/www/clients/client19/web7/web/yii/framework/web/CBaseController.php(96): CBaseController->renderInternal('/var/www/client...', Array, true)
#5 /var/www/clients/client19/web7/web/yii/framework/web/CController.php(870): CBaseController->renderFile('/var/www/client...', Array, true)
#6 /var/www/clients/client19/web7/web/protected/views/contrato/create.php(18): CController->renderPartial('_form', Array)
#7 /var/www/clients/client19/web7/web/yii/framework/web/CBaseController.php(127): require('/var/www/client...')
#8 /var/www/clients/client19/web7/web/yii/framework/web/CBaseController.php(96): CBaseController->renderInternal('/var/www/client...', Array, true)
#9 /var/www/clients/client19/web7/web/yii/framework/web/CController.php(870): CBaseController->renderFile('/var/www/client...', Array, true)
#10 /var/www/clients/client19/web7/web/yii/framework/web/CController.php(783): CController->renderPartial('create', Array, true)
#11 /var/www/clients/client19/web7/web/protected/controllers/ContratoController.php(90): CController->render('create', Array)
#12 /var/www/clients/client19/web7/web/yii/framework/web/actions/CInlineAction.php(50): ContratoController->actionCreate()
#13 /var/www/clients/client19/web7/web/yii/framework/web/CController.php(309): CInlineAction->runWithParams(Array)
#14 /var/www/clients/client19/web7/web/yii/framework/web/filters/CFilterChain.php(134): CController->runAction(Object(CInlineAction))
#15 /var/www/clients/client19/web7/web/yii/framework/web/filters/CFilter.php(41): CFilterChain->run()
#16 /var/www/clients/client19/web7/web/yii/framework/web/CController.php(1146): CFilter->filter(Object(CFilterChain))
#17 /var/www/clients/client19/web7/web/yii/framework/web/filters/CInlineFilter.php(59): CController->filterAccessControl(Object(CFilterChain))
#18 /var/www/clients/client19/web7/web/yii/framework/web/filters/CFilterChain.php(131): CInlineFilter->filter(Object(CFilterChain))
#19 /var/www/clients/client19/web7/web/yii/framework/web/CController.php(292): CFilterChain->run()
#20 /var/www/clients/client19/web7/web/yii/framework/web/CController.php(266): CController->runActionWithFilters(Object(CInlineAction), Array)
#21 /var/www/clients/client19/web7/web/yii/framework/web/CWebApplication.php(283): CController->run('create')
#22 /var/www/clients/client19/web7/web/yii/framework/web/CWebApplication.php(142): CWebApplication->runController('contrato/create')
#23 /var/www/clients/client19/web7/web/yii/framework/base/CApplication.php(162): CWebApplication->processRequest()
#24 /var/www/clients/client19/web7/web/index.php(13): CApplication->run()
#25 {main}
REQUEST_URI=/contrato/create
HTTP_REFERER=http://sabores.tecpc.info/contrato/index
---
2014/09/09 09:34:41 [error] [php] Undefined variable: sql2 (/var/www/clients/client19/web7/web/protected/controllers/EncomendasFornecedorController.php:829)
Stack trace:
#0 /var/www/clients/client19/web7/web/yii/framework/web/actions/CInlineAction.php(48): CInlineAction->runWithParamsInternal()
#1 /var/www/clients/client19/web7/web/yii/framework/web/CController.php(309): CInlineAction->runWithParams()
#2 /var/www/clients/client19/web7/web/yii/framework/web/filters/CFilterChain.php(134): EncomendasFornecedorController->runAction()
#3 /var/www/clients/client19/web7/web/yii/framework/web/filters/CFilter.php(41): CFilterChain->run()
#4 /var/www/clients/client19/web7/web/yii/framework/web/CController.php(1146): CAccessControlFilter->filter()
#5 /var/www/clients/client19/web7/web/yii/framework/web/filters/CInlineFilter.php(59): EncomendasFornecedorController->filterAccessControl()
#6 /var/www/clients/client19/web7/web/yii/framework/web/filters/CFilterChain.php(131): CInlineFilter->filter()
#7 /var/www/clients/client19/web7/web/yii/framework/web/CController.php(292): CFilterChain->run()
#8 /var/www/clients/client19/web7/web/yii/framework/web/CController.php(266): EncomendasFornecedorController->runActionWithFilters()
#9 /var/www/clients/client19/web7/web/yii/framework/web/CWebApplication.php(283): EncomendasFornecedorController->run()
#10 /var/www/clients/client19/web7/web/yii/framework/web/CWebApplication.php(142): CWebApplication->runController()
#11 /var/www/clients/client19/web7/web/yii/framework/base/CApplication.php(162): CWebApplication->processRequest()
#12 /var/www/clients/client19/web7/web/index.php(13): CWebApplication->run()
REQUEST_URI=/encomendasFornecedor/estatisticasCusto
2014/09/09 09:35:13 [error] [php] Undefined variable: sql2 (/var/www/clients/client19/web7/web/protected/controllers/EncomendasFornecedorController.php:829)
Stack trace:
#0 /var/www/clients/client19/web7/web/yii/framework/web/actions/CInlineAction.php(48): CInlineAction->runWithParamsInternal()
#1 /var/www/clients/client19/web7/web/yii/framework/web/CController.php(309): CInlineAction->runWithParams()
#2 /var/www/clients/client19/web7/web/yii/framework/web/filters/CFilterChain.php(134): EncomendasFornecedorController->runAction()
#3 /var/www/clients/client19/web7/web/yii/framework/web/filters/CFilter.php(41): CFilterChain->run()
#4 /var/www/clients/client19/web7/web/yii/framework/web/CController.php(1146): CAccessControlFilter->filter()
#5 /var/www/clients/client19/web7/web/yii/framework/web/filters/CInlineFilter.php(59): EncomendasFornecedorController->filterAccessControl()
#6 /var/www/clients/client19/web7/web/yii/framework/web/filters/CFilterChain.php(131): CInlineFilter->filter()
#7 /var/www/clients/client19/web7/web/yii/framework/web/CController.php(292): CFilterChain->run()
#8 /var/www/clients/client19/web7/web/yii/framework/web/CController.php(266): EncomendasFornecedorController->runActionWithFilters()
#9 /var/www/clients/client19/web7/web/yii/framework/web/CWebApplication.php(283): EncomendasFornecedorController->run()
#10 /var/www/clients/client19/web7/web/yii/framework/web/CWebApplication.php(142): CWebApplication->runController()
#11 /var/www/clients/client19/web7/web/yii/framework/base/CApplication.php(162): CWebApplication->processRequest()
#12 /var/www/clients/client19/web7/web/index.php(13): CWebApplication->run()
REQUEST_URI=/encomendasFornecedor/estatisticasCusto
2014/09/09 09:39:58 [error] [php] Undefined variable: sql2 (/var/www/clients/client19/web7/web/protected/controllers/EncomendasFornecedorController.php:829)
Stack trace:
#0 /var/www/clients/client19/web7/web/yii/framework/web/actions/CInlineAction.php(48): CInlineAction->runWithParamsInternal()
#1 /var/www/clients/client19/web7/web/yii/framework/web/CController.php(309): CInlineAction->runWithParams()
#2 /var/www/clients/client19/web7/web/yii/framework/web/filters/CFilterChain.php(134): EncomendasFornecedorController->runAction()
#3 /var/www/clients/client19/web7/web/yii/framework/web/filters/CFilter.php(41): CFilterChain->run()
#4 /var/www/clients/client19/web7/web/yii/framework/web/CController.php(1146): CAccessControlFilter->filter()
#5 /var/www/clients/client19/web7/web/yii/framework/web/filters/CInlineFilter.php(59): EncomendasFornecedorController->filterAccessControl()
#6 /var/www/clients/client19/web7/web/yii/framework/web/filters/CFilterChain.php(131): CInlineFilter->filter()
#7 /var/www/clients/client19/web7/web/yii/framework/web/CController.php(292): CFilterChain->run()
#8 /var/www/clients/client19/web7/web/yii/framework/web/CController.php(266): EncomendasFornecedorController->runActionWithFilters()
#9 /var/www/clients/client19/web7/web/yii/framework/web/CWebApplication.php(283): EncomendasFornecedorController->run()
#10 /var/www/clients/client19/web7/web/yii/framework/web/CWebApplication.php(142): CWebApplication->runController()
#11 /var/www/clients/client19/web7/web/yii/framework/base/CApplication.php(162): CWebApplication->processRequest()
#12 /var/www/clients/client19/web7/web/index.php(13): CWebApplication->run()
REQUEST_URI=/encomendasFornecedor/estatisticasCusto
2014/09/09 10:16:09 [error] [php] Undefined variable: sql2 (/var/www/clients/client19/web7/web/protected/controllers/EncomendasFornecedorController.php:829)
Stack trace:
#0 /var/www/clients/client19/web7/web/yii/framework/web/actions/CInlineAction.php(48): CInlineAction->runWithParamsInternal()
#1 /var/www/clients/client19/web7/web/yii/framework/web/CController.php(309): CInlineAction->runWithParams()
#2 /var/www/clients/client19/web7/web/yii/framework/web/filters/CFilterChain.php(134): EncomendasFornecedorController->runAction()
#3 /var/www/clients/client19/web7/web/yii/framework/web/filters/CFilter.php(41): CFilterChain->run()
#4 /var/www/clients/client19/web7/web/yii/framework/web/CController.php(1146): CAccessControlFilter->filter()
#5 /var/www/clients/client19/web7/web/yii/framework/web/filters/CInlineFilter.php(59): EncomendasFornecedorController->filterAccessControl()
#6 /var/www/clients/client19/web7/web/yii/framework/web/filters/CFilterChain.php(131): CInlineFilter->filter()
#7 /var/www/clients/client19/web7/web/yii/framework/web/CController.php(292): CFilterChain->run()
#8 /var/www/clients/client19/web7/web/yii/framework/web/CController.php(266): EncomendasFornecedorController->runActionWithFilters()
#9 /var/www/clients/client19/web7/web/yii/framework/web/CWebApplication.php(283): EncomendasFornecedorController->run()
#10 /var/www/clients/client19/web7/web/yii/framework/web/CWebApplication.php(142): CWebApplication->runController()
#11 /var/www/clients/client19/web7/web/yii/framework/base/CApplication.php(162): CWebApplication->processRequest()
#12 /var/www/clients/client19/web7/web/index.php(13): CWebApplication->run()
REQUEST_URI=/encomendasFornecedor/estatisticasCusto
2014/09/09 19:59:07 [error] [system.db.CDbCommand] Falha ao executar CDbCommand::fetchAll(): SQLSTATE[42S02]: Base table or view not found: 1146 Table 'c19_restauracao.tipoContrato' doesn't exist. A declaração SQL executada foi: SHOW COLUMNS FROM `tipoContrato`.
2014/09/09 19:59:07 [error] [exception.CDbException] exception 'CDbException' with message 'A tabela "tipoContrato" da classe de active record "TipoContrato", não pôde ser encontrada no banco de dados.' in /var/www/clients/client19/web7/web/yii/framework/db/ar/CActiveRecord.php:2312
Stack trace:
#0 /var/www/clients/client19/web7/web/yii/framework/db/ar/CActiveRecord.php(388): CActiveRecordMetaData->__construct(Object(TipoContrato))
#1 /var/www/clients/client19/web7/web/protected/models/TipoContrato.php(19): CActiveRecord::model('TipoContrato')
#2 /var/www/clients/client19/web7/web/protected/views/contrato/_form.php(21): TipoContrato::model()
#3 /var/www/clients/client19/web7/web/yii/framework/web/CBaseController.php(127): require('/var/www/client...')
#4 /var/www/clients/client19/web7/web/yii/framework/web/CBaseController.php(96): CBaseController->renderInternal('/var/www/client...', Array, true)
#5 /var/www/clients/client19/web7/web/yii/framework/web/CController.php(870): CBaseController->renderFile('/var/www/client...', Array, true)
#6 /var/www/clients/client19/web7/web/protected/views/contrato/create.php(18): CController->renderPartial('_form', Array)
#7 /var/www/clients/client19/web7/web/yii/framework/web/CBaseController.php(127): require('/var/www/client...')
#8 /var/www/clients/client19/web7/web/yii/framework/web/CBaseController.php(96): CBaseController->renderInternal('/var/www/client...', Array, true)
#9 /var/www/clients/client19/web7/web/yii/framework/web/CController.php(870): CBaseController->renderFile('/var/www/client...', Array, true)
#10 /var/www/clients/client19/web7/web/yii/framework/web/CController.php(783): CController->renderPartial('create', Array, true)
#11 /var/www/clients/client19/web7/web/protected/controllers/ContratoController.php(90): CController->render('create', Array)
#12 /var/www/clients/client19/web7/web/yii/framework/web/actions/CInlineAction.php(50): ContratoController->actionCreate()
#13 /var/www/clients/client19/web7/web/yii/framework/web/CController.php(309): CInlineAction->runWithParams(Array)
#14 /var/www/clients/client19/web7/web/yii/framework/web/filters/CFilterChain.php(134): CController->runAction(Object(CInlineAction))
#15 /var/www/clients/client19/web7/web/yii/framework/web/filters/CFilter.php(41): CFilterChain->run()
#16 /var/www/clients/client19/web7/web/yii/framework/web/CController.php(1146): CFilter->filter(Object(CFilterChain))
#17 /var/www/clients/client19/web7/web/yii/framework/web/filters/CInlineFilter.php(59): CController->filterAccessControl(Object(CFilterChain))
#18 /var/www/clients/client19/web7/web/yii/framework/web/filters/CFilterChain.php(131): CInlineFilter->filter(Object(CFilterChain))
#19 /var/www/clients/client19/web7/web/yii/framework/web/CController.php(292): CFilterChain->run()
#20 /var/www/clients/client19/web7/web/yii/framework/web/CController.php(266): CController->runActionWithFilters(Object(CInlineAction), Array)
#21 /var/www/clients/client19/web7/web/yii/framework/web/CWebApplication.php(283): CController->run('create')
#22 /var/www/clients/client19/web7/web/yii/framework/web/CWebApplication.php(142): CWebApplication->runController('contrato/create')
#23 /var/www/clients/client19/web7/web/yii/framework/base/CApplication.php(162): CWebApplication->processRequest()
#24 /var/www/clients/client19/web7/web/index.php(13): CApplication->run()
#25 {main}
REQUEST_URI=/contrato/create
HTTP_REFERER=http://sabores.tecpc.info/contrato/index
---
2014/09/09 20:01:37 [error] [system.db.CDbCommand] Falha ao executar CDbCommand::fetchAll(): SQLSTATE[42S02]: Base table or view not found: 1146 Table 'c19_restauracao.tipoContrato' doesn't exist. A declaração SQL executada foi: SHOW COLUMNS FROM `tipoContrato`.
2014/09/09 20:01:37 [error] [exception.CDbException] exception 'CDbException' with message 'A tabela "tipoContrato" da classe de active record "TipoContrato", não pôde ser encontrada no banco de dados.' in /var/www/clients/client19/web7/web/yii/framework/db/ar/CActiveRecord.php:2312
Stack trace:
#0 /var/www/clients/client19/web7/web/yii/framework/db/ar/CActiveRecord.php(388): CActiveRecordMetaData->__construct(Object(TipoContrato))
#1 /var/www/clients/client19/web7/web/protected/models/TipoContrato.php(19): CActiveRecord::model('TipoContrato')
#2 /var/www/clients/client19/web7/web/protected/views/contrato/_form.php(21): TipoContrato::model()
#3 /var/www/clients/client19/web7/web/yii/framework/web/CBaseController.php(127): require('/var/www/client...')
#4 /var/www/clients/client19/web7/web/yii/framework/web/CBaseController.php(96): CBaseController->renderInternal('/var/www/client...', Array, true)
#5 /var/www/clients/client19/web7/web/yii/framework/web/CController.php(870): CBaseController->renderFile('/var/www/client...', Array, true)
#6 /var/www/clients/client19/web7/web/protected/views/contrato/create.php(18): CController->renderPartial('_form', Array)
#7 /var/www/clients/client19/web7/web/yii/framework/web/CBaseController.php(127): require('/var/www/client...')
#8 /var/www/clients/client19/web7/web/yii/framework/web/CBaseController.php(96): CBaseController->renderInternal('/var/www/client...', Array, true)
#9 /var/www/clients/client19/web7/web/yii/framework/web/CController.php(870): CBaseController->renderFile('/var/www/client...', Array, true)
#10 /var/www/clients/client19/web7/web/yii/framework/web/CController.php(783): CController->renderPartial('create', Array, true)
#11 /var/www/clients/client19/web7/web/protected/controllers/ContratoController.php(90): CController->render('create', Array)
#12 /var/www/clients/client19/web7/web/yii/framework/web/actions/CInlineAction.php(50): ContratoController->actionCreate()
#13 /var/www/clients/client19/web7/web/yii/framework/web/CController.php(309): CInlineAction->runWithParams(Array)
#14 /var/www/clients/client19/web7/web/yii/framework/web/filters/CFilterChain.php(134): CController->runAction(Object(CInlineAction))
#15 /var/www/clients/client19/web7/web/yii/framework/web/filters/CFilter.php(41): CFilterChain->run()
#16 /var/www/clients/client19/web7/web/yii/framework/web/CController.php(1146): CFilter->filter(Object(CFilterChain))
#17 /var/www/clients/client19/web7/web/yii/framework/web/filters/CInlineFilter.php(59): CController->filterAccessControl(Object(CFilterChain))
#18 /var/www/clients/client19/web7/web/yii/framework/web/filters/CFilterChain.php(131): CInlineFilter->filter(Object(CFilterChain))
#19 /var/www/clients/client19/web7/web/yii/framework/web/CController.php(292): CFilterChain->run()
#20 /var/www/clients/client19/web7/web/yii/framework/web/CController.php(266): CController->runActionWithFilters(Object(CInlineAction), Array)
#21 /var/www/clients/client19/web7/web/yii/framework/web/CWebApplication.php(283): CController->run('create')
#22 /var/www/clients/client19/web7/web/yii/framework/web/CWebApplication.php(142): CWebApplication->runController('contrato/create')
#23 /var/www/clients/client19/web7/web/yii/framework/base/CApplication.php(162): CWebApplication->processRequest()
#24 /var/www/clients/client19/web7/web/index.php(13): CApplication->run()
#25 {main}
REQUEST_URI=/contrato/create
HTTP_REFERER=http://sabores.tecpc.info/contrato/index
---
2014/09/09 20:05:05 [error] [exception.CHttpException.404] exception 'CHttpException' with message 'O sistema não foi capaz de encontrar a ação "update1" solicitada.' in /var/www/clients/client19/web7/web/yii/framework/web/CController.php:484
Stack trace:
#0 /var/www/clients/client19/web7/web/yii/framework/web/CController.php(271): CController->missingAction('update1')
#1 /var/www/clients/client19/web7/web/yii/framework/web/CWebApplication.php(283): CController->run('update1')
#2 /var/www/clients/client19/web7/web/yii/framework/web/CWebApplication.php(142): CWebApplication->runController('contrato/update...')
#3 /var/www/clients/client19/web7/web/yii/framework/base/CApplication.php(162): CWebApplication->processRequest()
#4 /var/www/clients/client19/web7/web/index.php(13): CApplication->run()
#5 {main}
REQUEST_URI=/contrato/update1
---
2014/09/09 20:45:13 [error] [php] include(Funcionario.php): failed to open stream: No such file or directory (/var/www/clients/client19/web7/web/yii/framework/YiiBase.php:423)
Stack trace:
#0 /var/www/clients/client19/web7/web/yii/framework/db/ar/CActiveRecord.php(387): spl_autoload_call()
#1 /var/www/clients/client19/web7/web/yii/framework/db/ar/CActiveFinder.php(220): model()
#2 /var/www/clients/client19/web7/web/yii/framework/db/ar/CActiveFinder.php(49): CActiveFinder->buildJoinTree()
#3 /var/www/clients/client19/web7/web/yii/framework/db/ar/CActiveRecord.php(272): CActiveFinder->__construct()
#4 /var/www/clients/client19/web7/web/yii/framework/db/ar/CActiveRecord.php(142): Contrato->getRelated()
#5 /var/www/clients/client19/web7/web/yii/framework/base/CComponent.php(607) : eval()'d code(1): Contrato->__get()
#6 /var/www/clients/client19/web7/web/yii/framework/base/CComponent.php(607): eval()
#7 /var/www/clients/client19/web7/web/yii/framework/zii/widgets/grid/CDataColumn.php(132): CDataColumn->evaluateExpression()
#8 /var/www/clients/client19/web7/web/yii/framework/zii/widgets/grid/CGridColumn.php(145): CDataColumn->renderDataCellContent()
#9 /var/www/clients/client19/web7/web/yii/framework/zii/widgets/grid/CGridView.php(546): CDataColumn->renderDataCell()
#10 /var/www/clients/client19/web7/web/yii/framework/zii/widgets/grid/CGridView.php(517): CGridView->renderTableRow()
#11 /var/www/clients/client19/web7/web/yii/framework/zii/widgets/grid/CGridView.php(427): CGridView->renderTableBody()
#12 /var/www/clients/client19/web7/web/yii/framework/zii/widgets/CBaseListView.php(161): CGridView->renderItems()
#13 unknown(0): CGridView->renderSection()
#14 /var/www/clients/client19/web7/web/yii/framework/zii/widgets/CBaseListView.php(144): preg_replace_callback()
#15 /var/www/clients/client19/web7/web/yii/framework/zii/widgets/CBaseListView.php(129): CGridView->renderContent()
#16 /var/www/clients/client19/web7/web/yii/framework/web/CBaseController.php(174): CGridView->run()
#17 /var/www/clients/client19/web7/web/protected/views/contrato/index.php(43): ContratoController->widget()
#18 /var/www/clients/client19/web7/web/yii/framework/web/CBaseController.php(127): require()
#19 /var/www/clients/client19/web7/web/yii/framework/web/CBaseController.php(96): ContratoController->renderInternal()
#20 /var/www/clients/client19/web7/web/yii/framework/web/CController.php(870): ContratoController->renderFile()
#21 /var/www/clients/client19/web7/web/yii/framework/web/CController.php(783): ContratoController->renderPartial()
#22 /var/www/clients/client19/web7/web/protected/controllers/ContratoController.php(139): ContratoController->render()
#23 /var/www/clients/client19/web7/web/yii/framework/web/actions/CInlineAction.php(50): ContratoController->actionIndex()
#24 /var/www/clients/client19/web7/web/yii/framework/web/CController.php(309): CInlineAction->runWithParams()
#25 /var/www/clients/client19/web7/web/yii/framework/web/filters/CFilterChain.php(134): ContratoController->runAction()
#26 /var/www/clients/client19/web7/web/yii/framework/web/filters/CFilter.php(41): CFilterChain->run()
#27 /var/www/clients/client19/web7/web/yii/framework/web/CController.php(1146): CAccessControlFilter->filter()
#28 /var/www/clients/client19/web7/web/yii/framework/web/filters/CInlineFilter.php(59): ContratoController->filterAccessControl()
#29 /var/www/clients/client19/web7/web/yii/framework/web/filters/CFilterChain.php(131): CInlineFilter->filter()
#30 /var/www/clients/client19/web7/web/yii/framework/web/CController.php(292): CFilterChain->run()
#31 /var/www/clients/client19/web7/web/yii/framework/web/CController.php(266): ContratoController->runActionWithFilters()
#32 /var/www/clients/client19/web7/web/yii/framework/web/CWebApplication.php(283): ContratoController->run()
#33 /var/www/clients/client19/web7/web/yii/framework/web/CWebApplication.php(142): CWebApplication->runController()
#34 /var/www/clients/client19/web7/web/yii/framework/base/CApplication.php(162): CWebApplication->processRequest()
#35 /var/www/clients/client19/web7/web/index.php(13): CWebApplication->run()
REQUEST_URI=/contrato/index
2014/09/09 21:00:12 [error] [php] Undefined variable: lojaArray (/var/www/clients/client19/web7/web/protected/controllers/EncomendasFornecedorController.php:870)
Stack trace:
#0 /var/www/clients/client19/web7/web/yii/framework/web/actions/CInlineAction.php(48): CInlineAction->runWithParamsInternal()
#1 /var/www/clients/client19/web7/web/yii/framework/web/CController.php(309): CInlineAction->runWithParams()
#2 /var/www/clients/client19/web7/web/yii/framework/web/filters/CFilterChain.php(134): EncomendasFornecedorController->runAction()
#3 /var/www/clients/client19/web7/web/yii/framework/web/filters/CFilter.php(41): CFilterChain->run()
#4 /var/www/clients/client19/web7/web/yii/framework/web/CController.php(1146): CAccessControlFilter->filter()
#5 /var/www/clients/client19/web7/web/yii/framework/web/filters/CInlineFilter.php(59): EncomendasFornecedorController->filterAccessControl()
#6 /var/www/clients/client19/web7/web/yii/framework/web/filters/CFilterChain.php(131): CInlineFilter->filter()
#7 /var/www/clients/client19/web7/web/yii/framework/web/CController.php(292): CFilterChain->run()
#8 /var/www/clients/client19/web7/web/yii/framework/web/CController.php(266): EncomendasFornecedorController->runActionWithFilters()
#9 /var/www/clients/client19/web7/web/yii/framework/web/CWebApplication.php(283): EncomendasFornecedorController->run()
#10 /var/www/clients/client19/web7/web/yii/framework/web/CWebApplication.php(142): CWebApplication->runController()
#11 /var/www/clients/client19/web7/web/yii/framework/base/CApplication.php(162): CWebApplication->processRequest()
#12 /var/www/clients/client19/web7/web/index.php(13): CWebApplication->run()
REQUEST_URI=/encomendasFornecedor/estatisticasCusto
2014/09/09 21:02:37 [error] [php] Undefined variable: lojaArray (/var/www/clients/client19/web7/web/protected/controllers/EncomendasFornecedorController.php:870)
Stack trace:
#0 /var/www/clients/client19/web7/web/yii/framework/web/actions/CInlineAction.php(48): CInlineAction->runWithParamsInternal()
#1 /var/www/clients/client19/web7/web/yii/framework/web/CController.php(309): CInlineAction->runWithParams()
#2 /var/www/clients/client19/web7/web/yii/framework/web/filters/CFilterChain.php(134): EncomendasFornecedorController->runAction()
#3 /var/www/clients/client19/web7/web/yii/framework/web/filters/CFilter.php(41): CFilterChain->run()
#4 /var/www/clients/client19/web7/web/yii/framework/web/CController.php(1146): CAccessControlFilter->filter()
#5 /var/www/clients/client19/web7/web/yii/framework/web/filters/CInlineFilter.php(59): EncomendasFornecedorController->filterAccessControl()
#6 /var/www/clients/client19/web7/web/yii/framework/web/filters/CFilterChain.php(131): CInlineFilter->filter()
#7 /var/www/clients/client19/web7/web/yii/framework/web/CController.php(292): CFilterChain->run()
#8 /var/www/clients/client19/web7/web/yii/framework/web/CController.php(266): EncomendasFornecedorController->runActionWithFilters()
#9 /var/www/clients/client19/web7/web/yii/framework/web/CWebApplication.php(283): EncomendasFornecedorController->run()
#10 /var/www/clients/client19/web7/web/yii/framework/web/CWebApplication.php(142): CWebApplication->runController()
#11 /var/www/clients/client19/web7/web/yii/framework/base/CApplication.php(162): CWebApplication->processRequest()
#12 /var/www/clients/client19/web7/web/index.php(13): CWebApplication->run()
REQUEST_URI=/encomendasFornecedor/estatisticasCusto
2014/09/09 21:04:53 [error] [php] Undefined variable: lojaArray (/var/www/clients/client19/web7/web/protected/controllers/EncomendasFornecedorController.php:870)
Stack trace:
#0 /var/www/clients/client19/web7/web/yii/framework/web/actions/CInlineAction.php(48): CInlineAction->runWithParamsInternal()
#1 /var/www/clients/client19/web7/web/yii/framework/web/CController.php(309): CInlineAction->runWithParams()
#2 /var/www/clients/client19/web7/web/yii/framework/web/filters/CFilterChain.php(134): EncomendasFornecedorController->runAction()
#3 /var/www/clients/client19/web7/web/yii/framework/web/filters/CFilter.php(41): CFilterChain->run()
#4 /var/www/clients/client19/web7/web/yii/framework/web/CController.php(1146): CAccessControlFilter->filter()
#5 /var/www/clients/client19/web7/web/yii/framework/web/filters/CInlineFilter.php(59): EncomendasFornecedorController->filterAccessControl()
#6 /var/www/clients/client19/web7/web/yii/framework/web/filters/CFilterChain.php(131): CInlineFilter->filter()
#7 /var/www/clients/client19/web7/web/yii/framework/web/CController.php(292): CFilterChain->run()
#8 /var/www/clients/client19/web7/web/yii/framework/web/CController.php(266): EncomendasFornecedorController->runActionWithFilters()
#9 /var/www/clients/client19/web7/web/yii/framework/web/CWebApplication.php(283): EncomendasFornecedorController->run()
#10 /var/www/clients/client19/web7/web/yii/framework/web/CWebApplication.php(142): CWebApplication->runController()
#11 /var/www/clients/client19/web7/web/yii/framework/base/CApplication.php(162): CWebApplication->processRequest()
#12 /var/www/clients/client19/web7/web/index.php(13): CWebApplication->run()
REQUEST_URI=/encomendasFornecedor/estatisticasCusto
2014/09/09 21:06:38 [error] [php] Undefined variable: lojaArray (/var/www/clients/client19/web7/web/protected/controllers/EncomendasFornecedorController.php:870)
Stack trace:
#0 /var/www/clients/client19/web7/web/yii/framework/web/actions/CInlineAction.php(48): CInlineAction->runWithParamsInternal()
#1 /var/www/clients/client19/web7/web/yii/framework/web/CController.php(309): CInlineAction->runWithParams()
#2 /var/www/clients/client19/web7/web/yii/framework/web/filters/CFilterChain.php(134): EncomendasFornecedorController->runAction()
#3 /var/www/clients/client19/web7/web/yii/framework/web/filters/CFilter.php(41): CFilterChain->run()
#4 /var/www/clients/client19/web7/web/yii/framework/web/CController.php(1146): CAccessControlFilter->filter()
#5 /var/www/clients/client19/web7/web/yii/framework/web/filters/CInlineFilter.php(59): EncomendasFornecedorController->filterAccessControl()
#6 /var/www/clients/client19/web7/web/yii/framework/web/filters/CFilterChain.php(131): CInlineFilter->filter()
#7 /var/www/clients/client19/web7/web/yii/framework/web/CController.php(292): CFilterChain->run()
#8 /var/www/clients/client19/web7/web/yii/framework/web/CController.php(266): EncomendasFornecedorController->runActionWithFilters()
#9 /var/www/clients/client19/web7/web/yii/framework/web/CWebApplication.php(283): EncomendasFornecedorController->run()
#10 /var/www/clients/client19/web7/web/yii/framework/web/CWebApplication.php(142): CWebApplication->runController()
#11 /var/www/clients/client19/web7/web/yii/framework/base/CApplication.php(162): CWebApplication->processRequest()
#12 /var/www/clients/client19/web7/web/index.php(13): CWebApplication->run()
REQUEST_URI=/encomendasFornecedor/estatisticasCusto
2014/09/09 21:08:50 [error] [php] Undefined variable: lojaArray (/var/www/clients/client19/web7/web/protected/controllers/EncomendasFornecedorController.php:870)
Stack trace:
#0 /var/www/clients/client19/web7/web/yii/framework/web/actions/CInlineAction.php(48): CInlineAction->runWithParamsInternal()
#1 /var/www/clients/client19/web7/web/yii/framework/web/CController.php(309): CInlineAction->runWithParams()
#2 /var/www/clients/client19/web7/web/yii/framework/web/filters/CFilterChain.php(134): EncomendasFornecedorController->runAction()
#3 /var/www/clients/client19/web7/web/yii/framework/web/filters/CFilter.php(41): CFilterChain->run()
#4 /var/www/clients/client19/web7/web/yii/framework/web/CController.php(1146): CAccessControlFilter->filter()
#5 /var/www/clients/client19/web7/web/yii/framework/web/filters/CInlineFilter.php(59): EncomendasFornecedorController->filterAccessControl()
#6 /var/www/clients/client19/web7/web/yii/framework/web/filters/CFilterChain.php(131): CInlineFilter->filter()
#7 /var/www/clients/client19/web7/web/yii/framework/web/CController.php(292): CFilterChain->run()
#8 /var/www/clients/client19/web7/web/yii/framework/web/CController.php(266): EncomendasFornecedorController->runActionWithFilters()
#9 /var/www/clients/client19/web7/web/yii/framework/web/CWebApplication.php(283): EncomendasFornecedorController->run()
#10 /var/www/clients/client19/web7/web/yii/framework/web/CWebApplication.php(142): CWebApplication->runController()
#11 /var/www/clients/client19/web7/web/yii/framework/base/CApplication.php(162): CWebApplication->processRequest()
#12 /var/www/clients/client19/web7/web/index.php(13): CWebApplication->run()
REQUEST_URI=/encomendasFornecedor/estatisticasCusto
