2014/09/02 23:47:31 [error] [php] Only variables should be passed by reference (/Users/sapc/Sites/restauracao/protected/vendors/mpdf/mpdf.php:18589)
Stack trace:
#0 unknown(0): EncomendasFornecedorController->actionPrint()
#1 /Users/sapc/Sites/yii/framework/web/actions/CAction.php(107): ReflectionMethod->invokeArgs()
#2 /Users/sapc/Sites/yii/framework/web/actions/CInlineAction.php(48): CInlineAction->runWithParamsInternal()
#3 /Users/sapc/Sites/yii/framework/web/CController.php(309): CInlineAction->runWithParams()
#4 /Users/sapc/Sites/yii/framework/web/filters/CFilterChain.php(134): EncomendasFornecedorController->runAction()
#5 /Users/sapc/Sites/yii/framework/web/filters/CFilter.php(41): CFilterChain->run()
#6 /Users/sapc/Sites/yii/framework/web/CController.php(1146): CAccessControlFilter->filter()
#7 /Users/sapc/Sites/yii/framework/web/filters/CInlineFilter.php(59): EncomendasFornecedorController->filterAccessControl()
#8 /Users/sapc/Sites/yii/framework/web/filters/CFilterChain.php(131): CInlineFilter->filter()
#9 /Users/sapc/Sites/yii/framework/web/CController.php(292): CFilterChain->run()
#10 /Users/sapc/Sites/yii/framework/web/CController.php(266): EncomendasFornecedorController->runActionWithFilters()
#11 /Users/sapc/Sites/yii/framework/web/CWebApplication.php(283): EncomendasFornecedorController->run()
#12 /Users/sapc/Sites/yii/framework/web/CWebApplication.php(142): CWebApplication->runController()
#13 /Users/sapc/Sites/yii/framework/base/CApplication.php(162): CWebApplication->processRequest()
#14 /Users/sapc/Sites/restauracao/index.php(31): CWebApplication->run()
REQUEST_URI=/restauracao/encomendasFornecedor/print/464
in /Users/sapc/Sites/restauracao/protected/vendors/mpdf/mpdf.php (18589)
in /Users/sapc/Sites/restauracao/protected/vendors/mpdf/mpdf.php (13532)
in /Users/sapc/Sites/restauracao/protected/controllers/EncomendasFornecedorController.php (549)
2014/09/02 23:47:42 [error] [php] Only variables should be passed by reference (/Users/sapc/Sites/restauracao/protected/vendors/mpdf/mpdf.php:18589)
Stack trace:
#0 unknown(0): EncomendasFornecedorController->actionPrint()
#1 /Users/sapc/Sites/yii/framework/web/actions/CAction.php(107): ReflectionMethod->invokeArgs()
#2 /Users/sapc/Sites/yii/framework/web/actions/CInlineAction.php(48): CInlineAction->runWithParamsInternal()
#3 /Users/sapc/Sites/yii/framework/web/CController.php(309): CInlineAction->runWithParams()
#4 /Users/sapc/Sites/yii/framework/web/filters/CFilterChain.php(134): EncomendasFornecedorController->runAction()
#5 /Users/sapc/Sites/yii/framework/web/filters/CFilter.php(41): CFilterChain->run()
#6 /Users/sapc/Sites/yii/framework/web/CController.php(1146): CAccessControlFilter->filter()
#7 /Users/sapc/Sites/yii/framework/web/filters/CInlineFilter.php(59): EncomendasFornecedorController->filterAccessControl()
#8 /Users/sapc/Sites/yii/framework/web/filters/CFilterChain.php(131): CInlineFilter->filter()
#9 /Users/sapc/Sites/yii/framework/web/CController.php(292): CFilterChain->run()
#10 /Users/sapc/Sites/yii/framework/web/CController.php(266): EncomendasFornecedorController->runActionWithFilters()
#11 /Users/sapc/Sites/yii/framework/web/CWebApplication.php(283): EncomendasFornecedorController->run()
#12 /Users/sapc/Sites/yii/framework/web/CWebApplication.php(142): CWebApplication->runController()
#13 /Users/sapc/Sites/yii/framework/base/CApplication.php(162): CWebApplication->processRequest()
#14 /Users/sapc/Sites/restauracao/index.php(31): CWebApplication->run()
REQUEST_URI=/restauracao/encomendasFornecedor/print/464
in /Users/sapc/Sites/restauracao/protected/vendors/mpdf/mpdf.php (18589)
in /Users/sapc/Sites/restauracao/protected/vendors/mpdf/mpdf.php (13532)
in /Users/sapc/Sites/restauracao/protected/controllers/EncomendasFornecedorController.php (549)
2014/09/02 23:47:59 [error] [php] Only variables should be passed by reference (/Users/sapc/Sites/restauracao/protected/vendors/mpdf/mpdf.php:18589)
Stack trace:
#0 unknown(0): EncomendasFornecedorController->actionPrint()
#1 /Users/sapc/Sites/yii/framework/web/actions/CAction.php(107): ReflectionMethod->invokeArgs()
#2 /Users/sapc/Sites/yii/framework/web/actions/CInlineAction.php(48): CInlineAction->runWithParamsInternal()
#3 /Users/sapc/Sites/yii/framework/web/CController.php(309): CInlineAction->runWithParams()
#4 /Users/sapc/Sites/yii/framework/web/filters/CFilterChain.php(134): EncomendasFornecedorController->runAction()
#5 /Users/sapc/Sites/yii/framework/web/filters/CFilter.php(41): CFilterChain->run()
#6 /Users/sapc/Sites/yii/framework/web/CController.php(1146): CAccessControlFilter->filter()
#7 /Users/sapc/Sites/yii/framework/web/filters/CInlineFilter.php(59): EncomendasFornecedorController->filterAccessControl()
#8 /Users/sapc/Sites/yii/framework/web/filters/CFilterChain.php(131): CInlineFilter->filter()
#9 /Users/sapc/Sites/yii/framework/web/CController.php(292): CFilterChain->run()
#10 /Users/sapc/Sites/yii/framework/web/CController.php(266): EncomendasFornecedorController->runActionWithFilters()
#11 /Users/sapc/Sites/yii/framework/web/CWebApplication.php(283): EncomendasFornecedorController->run()
#12 /Users/sapc/Sites/yii/framework/web/CWebApplication.php(142): CWebApplication->runController()
#13 /Users/sapc/Sites/yii/framework/base/CApplication.php(162): CWebApplication->processRequest()
#14 /Users/sapc/Sites/restauracao/index.php(31): CWebApplication->run()
REQUEST_URI=/restauracao/encomendasFornecedor/print/464
in /Users/sapc/Sites/restauracao/protected/vendors/mpdf/mpdf.php (18589)
in /Users/sapc/Sites/restauracao/protected/vendors/mpdf/mpdf.php (13532)
in /Users/sapc/Sites/restauracao/protected/controllers/EncomendasFornecedorController.php (549)
2014/09/02 23:48:07 [error] [php] Only variables should be passed by reference (/Users/sapc/Sites/restauracao/protected/vendors/mpdf/mpdf.php:18589)
Stack trace:
#0 unknown(0): EncomendasFornecedorController->actionPrint()
#1 /Users/sapc/Sites/yii/framework/web/actions/CAction.php(107): ReflectionMethod->invokeArgs()
#2 /Users/sapc/Sites/yii/framework/web/actions/CInlineAction.php(48): CInlineAction->runWithParamsInternal()
#3 /Users/sapc/Sites/yii/framework/web/CController.php(309): CInlineAction->runWithParams()
#4 /Users/sapc/Sites/yii/framework/web/filters/CFilterChain.php(134): EncomendasFornecedorController->runAction()
#5 /Users/sapc/Sites/yii/framework/web/filters/CFilter.php(41): CFilterChain->run()
#6 /Users/sapc/Sites/yii/framework/web/CController.php(1146): CAccessControlFilter->filter()
#7 /Users/sapc/Sites/yii/framework/web/filters/CInlineFilter.php(59): EncomendasFornecedorController->filterAccessControl()
#8 /Users/sapc/Sites/yii/framework/web/filters/CFilterChain.php(131): CInlineFilter->filter()
#9 /Users/sapc/Sites/yii/framework/web/CController.php(292): CFilterChain->run()
#10 /Users/sapc/Sites/yii/framework/web/CController.php(266): EncomendasFornecedorController->runActionWithFilters()
#11 /Users/sapc/Sites/yii/framework/web/CWebApplication.php(283): EncomendasFornecedorController->run()
#12 /Users/sapc/Sites/yii/framework/web/CWebApplication.php(142): CWebApplication->runController()
#13 /Users/sapc/Sites/yii/framework/base/CApplication.php(162): CWebApplication->processRequest()
#14 /Users/sapc/Sites/restauracao/index.php(31): CWebApplication->run()
REQUEST_URI=/restauracao/encomendasFornecedor/print/464
in /Users/sapc/Sites/restauracao/protected/vendors/mpdf/mpdf.php (18589)
in /Users/sapc/Sites/restauracao/protected/vendors/mpdf/mpdf.php (13532)
in /Users/sapc/Sites/restauracao/protected/controllers/EncomendasFornecedorController.php (549)
2014/09/05 00:23:59 [error] [exception.CHttpException.403] exception 'CHttpException' with message 'Você não está autorizado a realizar essa operação.' in /Users/sapc/Sites/yii/framework/web/auth/CAccessControlFilter.php:170
Stack trace:
#0 /Users/sapc/Sites/yii/framework/web/auth/CAccessControlFilter.php(133): CAccessControlFilter->accessDenied(Object(CWebUser), 'Voc?? n??o est?...')
#1 /Users/sapc/Sites/yii/framework/web/filters/CFilter.php(39): CAccessControlFilter->preFilter(Object(CFilterChain))
#2 /Users/sapc/Sites/yii/framework/web/CController.php(1146): CFilter->filter(Object(CFilterChain))
#3 /Users/sapc/Sites/yii/framework/web/filters/CInlineFilter.php(59): CController->filterAccessControl(Object(CFilterChain))
#4 /Users/sapc/Sites/yii/framework/web/filters/CFilterChain.php(131): CInlineFilter->filter(Object(CFilterChain))
#5 /Users/sapc/Sites/yii/framework/web/CController.php(292): CFilterChain->run()
#6 /Users/sapc/Sites/yii/framework/web/CController.php(266): CController->runActionWithFilters(Object(CInlineAction), Array)
#7 /Users/sapc/Sites/yii/framework/web/CWebApplication.php(283): CController->run('estatisticasCus...')
#8 /Users/sapc/Sites/yii/framework/web/CWebApplication.php(142): CWebApplication->runController('encomendasForne...')
#9 /Users/sapc/Sites/yii/framework/base/CApplication.php(162): CWebApplication->processRequest()
#10 /Users/sapc/Sites/restauracao/index.php(31): CApplication->run()
#11 {main}
REQUEST_URI=/restauracao/encomendasFornecedor/estatisticasCusto
---
2014/09/06 00:30:26 [error] [php] Undefined index: quantidade (/Users/sapc/Sites/restauracao/protected/controllers/EncomendasFornecedorController.php:835)
Stack trace:
#0 /Users/sapc/Sites/yii/framework/web/actions/CInlineAction.php(48): CInlineAction->runWithParamsInternal()
#1 /Users/sapc/Sites/yii/framework/web/CController.php(309): CInlineAction->runWithParams()
#2 /Users/sapc/Sites/yii/framework/web/filters/CFilterChain.php(134): EncomendasFornecedorController->runAction()
#3 /Users/sapc/Sites/yii/framework/web/filters/CFilter.php(41): CFilterChain->run()
#4 /Users/sapc/Sites/yii/framework/web/CController.php(1146): CAccessControlFilter->filter()
#5 /Users/sapc/Sites/yii/framework/web/filters/CInlineFilter.php(59): EncomendasFornecedorController->filterAccessControl()
#6 /Users/sapc/Sites/yii/framework/web/filters/CFilterChain.php(131): CInlineFilter->filter()
#7 /Users/sapc/Sites/yii/framework/web/CController.php(292): CFilterChain->run()
#8 /Users/sapc/Sites/yii/framework/web/CController.php(266): EncomendasFornecedorController->runActionWithFilters()
#9 /Users/sapc/Sites/yii/framework/web/CWebApplication.php(283): EncomendasFornecedorController->run()
#10 /Users/sapc/Sites/yii/framework/web/CWebApplication.php(142): CWebApplication->runController()
#11 /Users/sapc/Sites/yii/framework/base/CApplication.php(162): CWebApplication->processRequest()
#12 /Users/sapc/Sites/restauracao/index.php(31): CWebApplication->run()
REQUEST_URI=/restauracao/encomendasFornecedor/estatisticasCusto
in /Users/sapc/Sites/restauracao/protected/controllers/EncomendasFornecedorController.php (835)
in /Users/sapc/Sites/restauracao/index.php (31)
2014/09/06 00:30:51 [error] [php] Undefined offset: 2 (/Users/sapc/Sites/restauracao/protected/views/encomendasFornecedor/estatisticasCusto.php:192)
Stack trace:
#0 /Users/sapc/Sites/yii/framework/web/CController.php(870): EncomendasFornecedorController->renderFile()
#1 /Users/sapc/Sites/yii/framework/web/CController.php(783): EncomendasFornecedorController->renderPartial()
#2 /Users/sapc/Sites/restauracao/protected/controllers/EncomendasFornecedorController.php(839): EncomendasFornecedorController->render()
#3 unknown(0): EncomendasFornecedorController->actionEstatisticasCusto()
#4 /Users/sapc/Sites/yii/framework/web/actions/CAction.php(107): ReflectionMethod->invokeArgs()
#5 /Users/sapc/Sites/yii/framework/web/actions/CInlineAction.php(48): CInlineAction->runWithParamsInternal()
#6 /Users/sapc/Sites/yii/framework/web/CController.php(309): CInlineAction->runWithParams()
#7 /Users/sapc/Sites/yii/framework/web/filters/CFilterChain.php(134): EncomendasFornecedorController->runAction()
#8 /Users/sapc/Sites/yii/framework/web/filters/CFilter.php(41): CFilterChain->run()
#9 /Users/sapc/Sites/yii/framework/web/CController.php(1146): CAccessControlFilter->filter()
#10 /Users/sapc/Sites/yii/framework/web/filters/CInlineFilter.php(59): EncomendasFornecedorController->filterAccessControl()
#11 /Users/sapc/Sites/yii/framework/web/filters/CFilterChain.php(131): CInlineFilter->filter()
#12 /Users/sapc/Sites/yii/framework/web/CController.php(292): CFilterChain->run()
#13 /Users/sapc/Sites/yii/framework/web/CController.php(266): EncomendasFornecedorController->runActionWithFilters()
#14 /Users/sapc/Sites/yii/framework/web/CWebApplication.php(283): EncomendasFornecedorController->run()
#15 /Users/sapc/Sites/yii/framework/web/CWebApplication.php(142): CWebApplication->runController()
#16 /Users/sapc/Sites/yii/framework/base/CApplication.php(162): CWebApplication->processRequest()
#17 /Users/sapc/Sites/restauracao/index.php(31): CWebApplication->run()
REQUEST_URI=/restauracao/encomendasFornecedor/estatisticasCusto
in /Users/sapc/Sites/restauracao/protected/views/encomendasFornecedor/estatisticasCusto.php (192)
in /Users/sapc/Sites/restauracao/protected/controllers/EncomendasFornecedorController.php (839)
in /Users/sapc/Sites/restauracao/index.php (31)
2014/09/06 00:43:18 [error] [php] Object of class Loja could not be converted to int (/Users/sapc/Sites/yii/framework/db/schema/CDbColumnSchema.php:142)
Stack trace:
#0 /Users/sapc/Sites/yii/framework/db/ar/CActiveRecord.php(1425): CDbCommandBuilder->createPkCriteria()
#1 /Users/sapc/Sites/restauracao/protected/views/encomendasFornecedor/estatisticasCusto.php(149): Loja->findByPk()
#2 /Users/sapc/Sites/yii/framework/web/CBaseController.php(127): require()
#3 /Users/sapc/Sites/yii/framework/web/CBaseController.php(96): EncomendasFornecedorController->renderInternal()
#4 /Users/sapc/Sites/yii/framework/web/CController.php(870): EncomendasFornecedorController->renderFile()
#5 /Users/sapc/Sites/yii/framework/web/CController.php(783): EncomendasFornecedorController->renderPartial()
#6 /Users/sapc/Sites/restauracao/protected/controllers/EncomendasFornecedorController.php(847): EncomendasFornecedorController->render()
#7 unknown(0): EncomendasFornecedorController->actionEstatisticasCusto()
#8 /Users/sapc/Sites/yii/framework/web/actions/CAction.php(107): ReflectionMethod->invokeArgs()
#9 /Users/sapc/Sites/yii/framework/web/actions/CInlineAction.php(48): CInlineAction->runWithParamsInternal()
#10 /Users/sapc/Sites/yii/framework/web/CController.php(309): CInlineAction->runWithParams()
#11 /Users/sapc/Sites/yii/framework/web/filters/CFilterChain.php(134): EncomendasFornecedorController->runAction()
#12 /Users/sapc/Sites/yii/framework/web/filters/CFilter.php(41): CFilterChain->run()
#13 /Users/sapc/Sites/yii/framework/web/CController.php(1146): CAccessControlFilter->filter()
#14 /Users/sapc/Sites/yii/framework/web/filters/CInlineFilter.php(59): EncomendasFornecedorController->filterAccessControl()
#15 /Users/sapc/Sites/yii/framework/web/filters/CFilterChain.php(131): CInlineFilter->filter()
#16 /Users/sapc/Sites/yii/framework/web/CController.php(292): CFilterChain->run()
#17 /Users/sapc/Sites/yii/framework/web/CController.php(266): EncomendasFornecedorController->runActionWithFilters()
#18 /Users/sapc/Sites/yii/framework/web/CWebApplication.php(283): EncomendasFornecedorController->run()
#19 /Users/sapc/Sites/yii/framework/web/CWebApplication.php(142): CWebApplication->runController()
#20 /Users/sapc/Sites/yii/framework/base/CApplication.php(162): CWebApplication->processRequest()
#21 /Users/sapc/Sites/restauracao/index.php(31): CWebApplication->run()
REQUEST_URI=/restauracao/encomendasFornecedor/estatisticasCusto
in /Users/sapc/Sites/restauracao/protected/views/encomendasFornecedor/estatisticasCusto.php (149)
in /Users/sapc/Sites/restauracao/protected/controllers/EncomendasFornecedorController.php (847)
in /Users/sapc/Sites/restauracao/index.php (31)
2014/09/06 00:44:03 [error] [php] Object of class Loja could not be converted to int (/Users/sapc/Sites/yii/framework/db/schema/CDbColumnSchema.php:142)
Stack trace:
#0 /Users/sapc/Sites/yii/framework/db/ar/CActiveRecord.php(1425): CDbCommandBuilder->createPkCriteria()
#1 /Users/sapc/Sites/restauracao/protected/views/encomendasFornecedor/estatisticasCusto.php(149): Loja->findByPk()
#2 /Users/sapc/Sites/yii/framework/web/CBaseController.php(127): require()
#3 /Users/sapc/Sites/yii/framework/web/CBaseController.php(96): EncomendasFornecedorController->renderInternal()
#4 /Users/sapc/Sites/yii/framework/web/CController.php(870): EncomendasFornecedorController->renderFile()
#5 /Users/sapc/Sites/yii/framework/web/CController.php(783): EncomendasFornecedorController->renderPartial()
#6 /Users/sapc/Sites/restauracao/protected/controllers/EncomendasFornecedorController.php(847): EncomendasFornecedorController->render()
#7 unknown(0): EncomendasFornecedorController->actionEstatisticasCusto()
#8 /Users/sapc/Sites/yii/framework/web/actions/CAction.php(107): ReflectionMethod->invokeArgs()
#9 /Users/sapc/Sites/yii/framework/web/actions/CInlineAction.php(48): CInlineAction->runWithParamsInternal()
#10 /Users/sapc/Sites/yii/framework/web/CController.php(309): CInlineAction->runWithParams()
#11 /Users/sapc/Sites/yii/framework/web/filters/CFilterChain.php(134): EncomendasFornecedorController->runAction()
#12 /Users/sapc/Sites/yii/framework/web/filters/CFilter.php(41): CFilterChain->run()
#13 /Users/sapc/Sites/yii/framework/web/CController.php(1146): CAccessControlFilter->filter()
#14 /Users/sapc/Sites/yii/framework/web/filters/CInlineFilter.php(59): EncomendasFornecedorController->filterAccessControl()
#15 /Users/sapc/Sites/yii/framework/web/filters/CFilterChain.php(131): CInlineFilter->filter()
#16 /Users/sapc/Sites/yii/framework/web/CController.php(292): CFilterChain->run()
#17 /Users/sapc/Sites/yii/framework/web/CController.php(266): EncomendasFornecedorController->runActionWithFilters()
#18 /Users/sapc/Sites/yii/framework/web/CWebApplication.php(283): EncomendasFornecedorController->run()
#19 /Users/sapc/Sites/yii/framework/web/CWebApplication.php(142): CWebApplication->runController()
#20 /Users/sapc/Sites/yii/framework/base/CApplication.php(162): CWebApplication->processRequest()
#21 /Users/sapc/Sites/restauracao/index.php(31): CWebApplication->run()
REQUEST_URI=/restauracao/encomendasFornecedor/estatisticasCusto
in /Users/sapc/Sites/restauracao/protected/views/encomendasFornecedor/estatisticasCusto.php (149)
in /Users/sapc/Sites/restauracao/protected/controllers/EncomendasFornecedorController.php (847)
in /Users/sapc/Sites/restauracao/index.php (31)
2014/09/06 00:45:25 [error] [php] Object of class Loja could not be converted to int (/Users/sapc/Sites/yii/framework/db/schema/CDbColumnSchema.php:142)
Stack trace:
#0 /Users/sapc/Sites/yii/framework/db/ar/CActiveRecord.php(1425): CDbCommandBuilder->createPkCriteria()
#1 /Users/sapc/Sites/restauracao/protected/views/encomendasFornecedor/estatisticasCusto.php(149): Loja->findByPk()
#2 /Users/sapc/Sites/yii/framework/web/CBaseController.php(127): require()
#3 /Users/sapc/Sites/yii/framework/web/CBaseController.php(96): EncomendasFornecedorController->renderInternal()
#4 /Users/sapc/Sites/yii/framework/web/CController.php(870): EncomendasFornecedorController->renderFile()
#5 /Users/sapc/Sites/yii/framework/web/CController.php(783): EncomendasFornecedorController->renderPartial()
#6 /Users/sapc/Sites/restauracao/protected/controllers/EncomendasFornecedorController.php(847): EncomendasFornecedorController->render()
#7 unknown(0): EncomendasFornecedorController->actionEstatisticasCusto()
#8 /Users/sapc/Sites/yii/framework/web/actions/CAction.php(107): ReflectionMethod->invokeArgs()
#9 /Users/sapc/Sites/yii/framework/web/actions/CInlineAction.php(48): CInlineAction->runWithParamsInternal()
#10 /Users/sapc/Sites/yii/framework/web/CController.php(309): CInlineAction->runWithParams()
#11 /Users/sapc/Sites/yii/framework/web/filters/CFilterChain.php(134): EncomendasFornecedorController->runAction()
#12 /Users/sapc/Sites/yii/framework/web/filters/CFilter.php(41): CFilterChain->run()
#13 /Users/sapc/Sites/yii/framework/web/CController.php(1146): CAccessControlFilter->filter()
#14 /Users/sapc/Sites/yii/framework/web/filters/CInlineFilter.php(59): EncomendasFornecedorController->filterAccessControl()
#15 /Users/sapc/Sites/yii/framework/web/filters/CFilterChain.php(131): CInlineFilter->filter()
#16 /Users/sapc/Sites/yii/framework/web/CController.php(292): CFilterChain->run()
#17 /Users/sapc/Sites/yii/framework/web/CController.php(266): EncomendasFornecedorController->runActionWithFilters()
#18 /Users/sapc/Sites/yii/framework/web/CWebApplication.php(283): EncomendasFornecedorController->run()
#19 /Users/sapc/Sites/yii/framework/web/CWebApplication.php(142): CWebApplication->runController()
#20 /Users/sapc/Sites/yii/framework/base/CApplication.php(162): CWebApplication->processRequest()
#21 /Users/sapc/Sites/restauracao/index.php(31): CWebApplication->run()
REQUEST_URI=/restauracao/encomendasFornecedor/estatisticasCusto
in /Users/sapc/Sites/restauracao/protected/views/encomendasFornecedor/estatisticasCusto.php (149)
in /Users/sapc/Sites/restauracao/protected/controllers/EncomendasFornecedorController.php (847)
in /Users/sapc/Sites/restauracao/index.php (31)
2014/09/06 00:45:55 [error] [php] Illegal offset type in isset or empty (/Users/sapc/Sites/restauracao/protected/views/encomendasFornecedor/estatisticasCusto.php:191)
Stack trace:
#0 /Users/sapc/Sites/yii/framework/web/CController.php(870): EncomendasFornecedorController->renderFile()
#1 /Users/sapc/Sites/yii/framework/web/CController.php(783): EncomendasFornecedorController->renderPartial()
#2 /Users/sapc/Sites/restauracao/protected/controllers/EncomendasFornecedorController.php(847): EncomendasFornecedorController->render()
#3 unknown(0): EncomendasFornecedorController->actionEstatisticasCusto()
#4 /Users/sapc/Sites/yii/framework/web/actions/CAction.php(107): ReflectionMethod->invokeArgs()
#5 /Users/sapc/Sites/yii/framework/web/actions/CInlineAction.php(48): CInlineAction->runWithParamsInternal()
#6 /Users/sapc/Sites/yii/framework/web/CController.php(309): CInlineAction->runWithParams()
#7 /Users/sapc/Sites/yii/framework/web/filters/CFilterChain.php(134): EncomendasFornecedorController->runAction()
#8 /Users/sapc/Sites/yii/framework/web/filters/CFilter.php(41): CFilterChain->run()
#9 /Users/sapc/Sites/yii/framework/web/CController.php(1146): CAccessControlFilter->filter()
#10 /Users/sapc/Sites/yii/framework/web/filters/CInlineFilter.php(59): EncomendasFornecedorController->filterAccessControl()
#11 /Users/sapc/Sites/yii/framework/web/filters/CFilterChain.php(131): CInlineFilter->filter()
#12 /Users/sapc/Sites/yii/framework/web/CController.php(292): CFilterChain->run()
#13 /Users/sapc/Sites/yii/framework/web/CController.php(266): EncomendasFornecedorController->runActionWithFilters()
#14 /Users/sapc/Sites/yii/framework/web/CWebApplication.php(283): EncomendasFornecedorController->run()
#15 /Users/sapc/Sites/yii/framework/web/CWebApplication.php(142): CWebApplication->runController()
#16 /Users/sapc/Sites/yii/framework/base/CApplication.php(162): CWebApplication->processRequest()
#17 /Users/sapc/Sites/restauracao/index.php(31): CWebApplication->run()
REQUEST_URI=/restauracao/encomendasFornecedor/estatisticasCusto
in /Users/sapc/Sites/restauracao/protected/views/encomendasFornecedor/estatisticasCusto.php (191)
in /Users/sapc/Sites/restauracao/protected/controllers/EncomendasFornecedorController.php (847)
in /Users/sapc/Sites/restauracao/index.php (31)
2014/09/06 00:47:33 [error] [php] Trying to get property of non-object (/Users/sapc/Sites/restauracao/protected/views/encomendasFornecedor/estatisticasCusto.php:202)
Stack trace:
#0 /Users/sapc/Sites/yii/framework/web/CController.php(870): EncomendasFornecedorController->renderFile()
#1 /Users/sapc/Sites/yii/framework/web/CController.php(783): EncomendasFornecedorController->renderPartial()
#2 /Users/sapc/Sites/restauracao/protected/controllers/EncomendasFornecedorController.php(847): EncomendasFornecedorController->render()
#3 unknown(0): EncomendasFornecedorController->actionEstatisticasCusto()
#4 /Users/sapc/Sites/yii/framework/web/actions/CAction.php(107): ReflectionMethod->invokeArgs()
#5 /Users/sapc/Sites/yii/framework/web/actions/CInlineAction.php(48): CInlineAction->runWithParamsInternal()
#6 /Users/sapc/Sites/yii/framework/web/CController.php(309): CInlineAction->runWithParams()
#7 /Users/sapc/Sites/yii/framework/web/filters/CFilterChain.php(134): EncomendasFornecedorController->runAction()
#8 /Users/sapc/Sites/yii/framework/web/filters/CFilter.php(41): CFilterChain->run()
#9 /Users/sapc/Sites/yii/framework/web/CController.php(1146): CAccessControlFilter->filter()
#10 /Users/sapc/Sites/yii/framework/web/filters/CInlineFilter.php(59): EncomendasFornecedorController->filterAccessControl()
#11 /Users/sapc/Sites/yii/framework/web/filters/CFilterChain.php(131): CInlineFilter->filter()
#12 /Users/sapc/Sites/yii/framework/web/CController.php(292): CFilterChain->run()
#13 /Users/sapc/Sites/yii/framework/web/CController.php(266): EncomendasFornecedorController->runActionWithFilters()
#14 /Users/sapc/Sites/yii/framework/web/CWebApplication.php(283): EncomendasFornecedorController->run()
#15 /Users/sapc/Sites/yii/framework/web/CWebApplication.php(142): CWebApplication->runController()
#16 /Users/sapc/Sites/yii/framework/base/CApplication.php(162): CWebApplication->processRequest()
#17 /Users/sapc/Sites/restauracao/index.php(31): CWebApplication->run()
REQUEST_URI=/restauracao/encomendasFornecedor/estatisticasCusto
in /Users/sapc/Sites/restauracao/protected/views/encomendasFornecedor/estatisticasCusto.php (202)
in /Users/sapc/Sites/restauracao/protected/controllers/EncomendasFornecedorController.php (847)
in /Users/sapc/Sites/restauracao/index.php (31)
2014/09/06 01:02:02 [error] [php] Trying to get property of non-object (/Users/sapc/Sites/restauracao/protected/views/encomendasFornecedor/estatisticasCusto.php:152)
Stack trace:
#0 /Users/sapc/Sites/yii/framework/web/CController.php(870): EncomendasFornecedorController->renderFile()
#1 /Users/sapc/Sites/yii/framework/web/CController.php(783): EncomendasFornecedorController->renderPartial()
#2 /Users/sapc/Sites/restauracao/protected/controllers/EncomendasFornecedorController.php(849): EncomendasFornecedorController->render()
#3 unknown(0): EncomendasFornecedorController->actionEstatisticasCusto()
#4 /Users/sapc/Sites/yii/framework/web/actions/CAction.php(107): ReflectionMethod->invokeArgs()
#5 /Users/sapc/Sites/yii/framework/web/actions/CInlineAction.php(48): CInlineAction->runWithParamsInternal()
#6 /Users/sapc/Sites/yii/framework/web/CController.php(309): CInlineAction->runWithParams()
#7 /Users/sapc/Sites/yii/framework/web/filters/CFilterChain.php(134): EncomendasFornecedorController->runAction()
#8 /Users/sapc/Sites/yii/framework/web/filters/CFilter.php(41): CFilterChain->run()
#9 /Users/sapc/Sites/yii/framework/web/CController.php(1146): CAccessControlFilter->filter()
#10 /Users/sapc/Sites/yii/framework/web/filters/CInlineFilter.php(59): EncomendasFornecedorController->filterAccessControl()
#11 /Users/sapc/Sites/yii/framework/web/filters/CFilterChain.php(131): CInlineFilter->filter()
#12 /Users/sapc/Sites/yii/framework/web/CController.php(292): CFilterChain->run()
#13 /Users/sapc/Sites/yii/framework/web/CController.php(266): EncomendasFornecedorController->runActionWithFilters()
#14 /Users/sapc/Sites/yii/framework/web/CWebApplication.php(283): EncomendasFornecedorController->run()
#15 /Users/sapc/Sites/yii/framework/web/CWebApplication.php(142): CWebApplication->runController()
#16 /Users/sapc/Sites/yii/framework/base/CApplication.php(162): CWebApplication->processRequest()
#17 /Users/sapc/Sites/restauracao/index.php(31): CWebApplication->run()
REQUEST_URI=/restauracao/encomendasFornecedor/estatisticasCusto
in /Users/sapc/Sites/restauracao/protected/views/encomendasFornecedor/estatisticasCusto.php (152)
in /Users/sapc/Sites/restauracao/protected/controllers/EncomendasFornecedorController.php (849)
in /Users/sapc/Sites/restauracao/index.php (31)
2014/09/06 01:03:29 [error] [php] Trying to get property of non-object (/Users/sapc/Sites/restauracao/protected/views/encomendasFornecedor/estatisticasCusto.php:152)
Stack trace:
#0 /Users/sapc/Sites/yii/framework/web/CController.php(870): EncomendasFornecedorController->renderFile()
#1 /Users/sapc/Sites/yii/framework/web/CController.php(783): EncomendasFornecedorController->renderPartial()
#2 /Users/sapc/Sites/restauracao/protected/controllers/EncomendasFornecedorController.php(850): EncomendasFornecedorController->render()
#3 unknown(0): EncomendasFornecedorController->actionEstatisticasCusto()
#4 /Users/sapc/Sites/yii/framework/web/actions/CAction.php(107): ReflectionMethod->invokeArgs()
#5 /Users/sapc/Sites/yii/framework/web/actions/CInlineAction.php(48): CInlineAction->runWithParamsInternal()
#6 /Users/sapc/Sites/yii/framework/web/CController.php(309): CInlineAction->runWithParams()
#7 /Users/sapc/Sites/yii/framework/web/filters/CFilterChain.php(134): EncomendasFornecedorController->runAction()
#8 /Users/sapc/Sites/yii/framework/web/filters/CFilter.php(41): CFilterChain->run()
#9 /Users/sapc/Sites/yii/framework/web/CController.php(1146): CAccessControlFilter->filter()
#10 /Users/sapc/Sites/yii/framework/web/filters/CInlineFilter.php(59): EncomendasFornecedorController->filterAccessControl()
#11 /Users/sapc/Sites/yii/framework/web/filters/CFilterChain.php(131): CInlineFilter->filter()
#12 /Users/sapc/Sites/yii/framework/web/CController.php(292): CFilterChain->run()
#13 /Users/sapc/Sites/yii/framework/web/CController.php(266): EncomendasFornecedorController->runActionWithFilters()
#14 /Users/sapc/Sites/yii/framework/web/CWebApplication.php(283): EncomendasFornecedorController->run()
#15 /Users/sapc/Sites/yii/framework/web/CWebApplication.php(142): CWebApplication->runController()
#16 /Users/sapc/Sites/yii/framework/base/CApplication.php(162): CWebApplication->processRequest()
#17 /Users/sapc/Sites/restauracao/index.php(31): CWebApplication->run()
REQUEST_URI=/restauracao/encomendasFornecedor/estatisticasCusto
in /Users/sapc/Sites/restauracao/protected/views/encomendasFornecedor/estatisticasCusto.php (152)
in /Users/sapc/Sites/restauracao/protected/controllers/EncomendasFornecedorController.php (850)
in /Users/sapc/Sites/restauracao/index.php (31)
2014/09/06 01:04:06 [error] [php] Trying to get property of non-object (/Users/sapc/Sites/restauracao/protected/views/encomendasFornecedor/estatisticasCusto.php:152)
Stack trace:
#0 /Users/sapc/Sites/yii/framework/web/CController.php(870): EncomendasFornecedorController->renderFile()
#1 /Users/sapc/Sites/yii/framework/web/CController.php(783): EncomendasFornecedorController->renderPartial()
#2 /Users/sapc/Sites/restauracao/protected/controllers/EncomendasFornecedorController.php(850): EncomendasFornecedorController->render()
#3 unknown(0): EncomendasFornecedorController->actionEstatisticasCusto()
#4 /Users/sapc/Sites/yii/framework/web/actions/CAction.php(107): ReflectionMethod->invokeArgs()
#5 /Users/sapc/Sites/yii/framework/web/actions/CInlineAction.php(48): CInlineAction->runWithParamsInternal()
#6 /Users/sapc/Sites/yii/framework/web/CController.php(309): CInlineAction->runWithParams()
#7 /Users/sapc/Sites/yii/framework/web/filters/CFilterChain.php(134): EncomendasFornecedorController->runAction()
#8 /Users/sapc/Sites/yii/framework/web/filters/CFilter.php(41): CFilterChain->run()
#9 /Users/sapc/Sites/yii/framework/web/CController.php(1146): CAccessControlFilter->filter()
#10 /Users/sapc/Sites/yii/framework/web/filters/CInlineFilter.php(59): EncomendasFornecedorController->filterAccessControl()
#11 /Users/sapc/Sites/yii/framework/web/filters/CFilterChain.php(131): CInlineFilter->filter()
#12 /Users/sapc/Sites/yii/framework/web/CController.php(292): CFilterChain->run()
#13 /Users/sapc/Sites/yii/framework/web/CController.php(266): EncomendasFornecedorController->runActionWithFilters()
#14 /Users/sapc/Sites/yii/framework/web/CWebApplication.php(283): EncomendasFornecedorController->run()
#15 /Users/sapc/Sites/yii/framework/web/CWebApplication.php(142): CWebApplication->runController()
#16 /Users/sapc/Sites/yii/framework/base/CApplication.php(162): CWebApplication->processRequest()
#17 /Users/sapc/Sites/restauracao/index.php(31): CWebApplication->run()
REQUEST_URI=/restauracao/encomendasFornecedor/estatisticasCusto
in /Users/sapc/Sites/restauracao/protected/views/encomendasFornecedor/estatisticasCusto.php (152)
in /Users/sapc/Sites/restauracao/protected/controllers/EncomendasFornecedorController.php (850)
in /Users/sapc/Sites/restauracao/index.php (31)
2014/09/06 01:04:08 [error] [php] Trying to get property of non-object (/Users/sapc/Sites/restauracao/protected/views/encomendasFornecedor/estatisticasCusto.php:152)
Stack trace:
#0 /Users/sapc/Sites/yii/framework/web/CController.php(870): EncomendasFornecedorController->renderFile()
#1 /Users/sapc/Sites/yii/framework/web/CController.php(783): EncomendasFornecedorController->renderPartial()
#2 /Users/sapc/Sites/restauracao/protected/controllers/EncomendasFornecedorController.php(850): EncomendasFornecedorController->render()
#3 unknown(0): EncomendasFornecedorController->actionEstatisticasCusto()
#4 /Users/sapc/Sites/yii/framework/web/actions/CAction.php(107): ReflectionMethod->invokeArgs()
#5 /Users/sapc/Sites/yii/framework/web/actions/CInlineAction.php(48): CInlineAction->runWithParamsInternal()
#6 /Users/sapc/Sites/yii/framework/web/CController.php(309): CInlineAction->runWithParams()
#7 /Users/sapc/Sites/yii/framework/web/filters/CFilterChain.php(134): EncomendasFornecedorController->runAction()
#8 /Users/sapc/Sites/yii/framework/web/filters/CFilter.php(41): CFilterChain->run()
#9 /Users/sapc/Sites/yii/framework/web/CController.php(1146): CAccessControlFilter->filter()
#10 /Users/sapc/Sites/yii/framework/web/filters/CInlineFilter.php(59): EncomendasFornecedorController->filterAccessControl()
#11 /Users/sapc/Sites/yii/framework/web/filters/CFilterChain.php(131): CInlineFilter->filter()
#12 /Users/sapc/Sites/yii/framework/web/CController.php(292): CFilterChain->run()
#13 /Users/sapc/Sites/yii/framework/web/CController.php(266): EncomendasFornecedorController->runActionWithFilters()
#14 /Users/sapc/Sites/yii/framework/web/CWebApplication.php(283): EncomendasFornecedorController->run()
#15 /Users/sapc/Sites/yii/framework/web/CWebApplication.php(142): CWebApplication->runController()
#16 /Users/sapc/Sites/yii/framework/base/CApplication.php(162): CWebApplication->processRequest()
#17 /Users/sapc/Sites/restauracao/index.php(31): CWebApplication->run()
REQUEST_URI=/restauracao/encomendasFornecedor/estatisticasCusto
in /Users/sapc/Sites/restauracao/protected/views/encomendasFornecedor/estatisticasCusto.php (152)
in /Users/sapc/Sites/restauracao/protected/controllers/EncomendasFornecedorController.php (850)
in /Users/sapc/Sites/restauracao/index.php (31)
2014/09/06 01:04:11 [error] [php] Trying to get property of non-object (/Users/sapc/Sites/restauracao/protected/views/encomendasFornecedor/estatisticasCusto.php:152)
Stack trace:
#0 /Users/sapc/Sites/yii/framework/web/CController.php(870): EncomendasFornecedorController->renderFile()
#1 /Users/sapc/Sites/yii/framework/web/CController.php(783): EncomendasFornecedorController->renderPartial()
#2 /Users/sapc/Sites/restauracao/protected/controllers/EncomendasFornecedorController.php(850): EncomendasFornecedorController->render()
#3 unknown(0): EncomendasFornecedorController->actionEstatisticasCusto()
#4 /Users/sapc/Sites/yii/framework/web/actions/CAction.php(107): ReflectionMethod->invokeArgs()
#5 /Users/sapc/Sites/yii/framework/web/actions/CInlineAction.php(48): CInlineAction->runWithParamsInternal()
#6 /Users/sapc/Sites/yii/framework/web/CController.php(309): CInlineAction->runWithParams()
#7 /Users/sapc/Sites/yii/framework/web/filters/CFilterChain.php(134): EncomendasFornecedorController->runAction()
#8 /Users/sapc/Sites/yii/framework/web/filters/CFilter.php(41): CFilterChain->run()
#9 /Users/sapc/Sites/yii/framework/web/CController.php(1146): CAccessControlFilter->filter()
#10 /Users/sapc/Sites/yii/framework/web/filters/CInlineFilter.php(59): EncomendasFornecedorController->filterAccessControl()
#11 /Users/sapc/Sites/yii/framework/web/filters/CFilterChain.php(131): CInlineFilter->filter()
#12 /Users/sapc/Sites/yii/framework/web/CController.php(292): CFilterChain->run()
#13 /Users/sapc/Sites/yii/framework/web/CController.php(266): EncomendasFornecedorController->runActionWithFilters()
#14 /Users/sapc/Sites/yii/framework/web/CWebApplication.php(283): EncomendasFornecedorController->run()
#15 /Users/sapc/Sites/yii/framework/web/CWebApplication.php(142): CWebApplication->runController()
#16 /Users/sapc/Sites/yii/framework/base/CApplication.php(162): CWebApplication->processRequest()
#17 /Users/sapc/Sites/restauracao/index.php(31): CWebApplication->run()
REQUEST_URI=/restauracao/encomendasFornecedor/estatisticasCusto
in /Users/sapc/Sites/restauracao/protected/views/encomendasFornecedor/estatisticasCusto.php (152)
in /Users/sapc/Sites/restauracao/protected/controllers/EncomendasFornecedorController.php (850)
in /Users/sapc/Sites/restauracao/index.php (31)
2014/09/06 01:06:52 [error] [php] Trying to get property of non-object (/Users/sapc/Sites/restauracao/protected/views/encomendasFornecedor/estatisticasCusto.php:152)
Stack trace:
#0 /Users/sapc/Sites/yii/framework/web/CController.php(870): EncomendasFornecedorController->renderFile()
#1 /Users/sapc/Sites/yii/framework/web/CController.php(783): EncomendasFornecedorController->renderPartial()
#2 /Users/sapc/Sites/restauracao/protected/controllers/EncomendasFornecedorController.php(849): EncomendasFornecedorController->render()
#3 unknown(0): EncomendasFornecedorController->actionEstatisticasCusto()
#4 /Users/sapc/Sites/yii/framework/web/actions/CAction.php(107): ReflectionMethod->invokeArgs()
#5 /Users/sapc/Sites/yii/framework/web/actions/CInlineAction.php(48): CInlineAction->runWithParamsInternal()
#6 /Users/sapc/Sites/yii/framework/web/CController.php(309): CInlineAction->runWithParams()
#7 /Users/sapc/Sites/yii/framework/web/filters/CFilterChain.php(134): EncomendasFornecedorController->runAction()
#8 /Users/sapc/Sites/yii/framework/web/filters/CFilter.php(41): CFilterChain->run()
#9 /Users/sapc/Sites/yii/framework/web/CController.php(1146): CAccessControlFilter->filter()
#10 /Users/sapc/Sites/yii/framework/web/filters/CInlineFilter.php(59): EncomendasFornecedorController->filterAccessControl()
#11 /Users/sapc/Sites/yii/framework/web/filters/CFilterChain.php(131): CInlineFilter->filter()
#12 /Users/sapc/Sites/yii/framework/web/CController.php(292): CFilterChain->run()
#13 /Users/sapc/Sites/yii/framework/web/CController.php(266): EncomendasFornecedorController->runActionWithFilters()
#14 /Users/sapc/Sites/yii/framework/web/CWebApplication.php(283): EncomendasFornecedorController->run()
#15 /Users/sapc/Sites/yii/framework/web/CWebApplication.php(142): CWebApplication->runController()
#16 /Users/sapc/Sites/yii/framework/base/CApplication.php(162): CWebApplication->processRequest()
#17 /Users/sapc/Sites/restauracao/index.php(31): CWebApplication->run()
REQUEST_URI=/restauracao/encomendasFornecedor/estatisticasCusto
in /Users/sapc/Sites/restauracao/protected/views/encomendasFornecedor/estatisticasCusto.php (152)
in /Users/sapc/Sites/restauracao/protected/controllers/EncomendasFornecedorController.php (849)
in /Users/sapc/Sites/restauracao/index.php (31)
2014/09/06 01:11:51 [error] [php] Trying to get property of non-object (/Users/sapc/Sites/restauracao/protected/views/encomendasFornecedor/estatisticasCusto.php:152)
Stack trace:
#0 /Users/sapc/Sites/yii/framework/web/CController.php(870): EncomendasFornecedorController->renderFile()
#1 /Users/sapc/Sites/yii/framework/web/CController.php(783): EncomendasFornecedorController->renderPartial()
#2 /Users/sapc/Sites/restauracao/protected/controllers/EncomendasFornecedorController.php(858): EncomendasFornecedorController->render()
#3 unknown(0): EncomendasFornecedorController->actionEstatisticasCusto()
#4 /Users/sapc/Sites/yii/framework/web/actions/CAction.php(107): ReflectionMethod->invokeArgs()
#5 /Users/sapc/Sites/yii/framework/web/actions/CInlineAction.php(48): CInlineAction->runWithParamsInternal()
#6 /Users/sapc/Sites/yii/framework/web/CController.php(309): CInlineAction->runWithParams()
#7 /Users/sapc/Sites/yii/framework/web/filters/CFilterChain.php(134): EncomendasFornecedorController->runAction()
#8 /Users/sapc/Sites/yii/framework/web/filters/CFilter.php(41): CFilterChain->run()
#9 /Users/sapc/Sites/yii/framework/web/CController.php(1146): CAccessControlFilter->filter()
#10 /Users/sapc/Sites/yii/framework/web/filters/CInlineFilter.php(59): EncomendasFornecedorController->filterAccessControl()
#11 /Users/sapc/Sites/yii/framework/web/filters/CFilterChain.php(131): CInlineFilter->filter()
#12 /Users/sapc/Sites/yii/framework/web/CController.php(292): CFilterChain->run()
#13 /Users/sapc/Sites/yii/framework/web/CController.php(266): EncomendasFornecedorController->runActionWithFilters()
#14 /Users/sapc/Sites/yii/framework/web/CWebApplication.php(283): EncomendasFornecedorController->run()
#15 /Users/sapc/Sites/yii/framework/web/CWebApplication.php(142): CWebApplication->runController()
#16 /Users/sapc/Sites/yii/framework/base/CApplication.php(162): CWebApplication->processRequest()
#17 /Users/sapc/Sites/restauracao/index.php(31): CWebApplication->run()
REQUEST_URI=/restauracao/encomendasFornecedor/estatisticasCusto
in /Users/sapc/Sites/restauracao/protected/views/encomendasFornecedor/estatisticasCusto.php (152)
in /Users/sapc/Sites/restauracao/protected/controllers/EncomendasFornecedorController.php (858)
in /Users/sapc/Sites/restauracao/index.php (31)
2014/09/06 01:12:03 [error] [php] Trying to get property of non-object (/Users/sapc/Sites/restauracao/protected/views/encomendasFornecedor/estatisticasCusto.php:152)
Stack trace:
#0 /Users/sapc/Sites/yii/framework/web/CController.php(870): EncomendasFornecedorController->renderFile()
#1 /Users/sapc/Sites/yii/framework/web/CController.php(783): EncomendasFornecedorController->renderPartial()
#2 /Users/sapc/Sites/restauracao/protected/controllers/EncomendasFornecedorController.php(858): EncomendasFornecedorController->render()
#3 unknown(0): EncomendasFornecedorController->actionEstatisticasCusto()
#4 /Users/sapc/Sites/yii/framework/web/actions/CAction.php(107): ReflectionMethod->invokeArgs()
#5 /Users/sapc/Sites/yii/framework/web/actions/CInlineAction.php(48): CInlineAction->runWithParamsInternal()
#6 /Users/sapc/Sites/yii/framework/web/CController.php(309): CInlineAction->runWithParams()
#7 /Users/sapc/Sites/yii/framework/web/filters/CFilterChain.php(134): EncomendasFornecedorController->runAction()
#8 /Users/sapc/Sites/yii/framework/web/filters/CFilter.php(41): CFilterChain->run()
#9 /Users/sapc/Sites/yii/framework/web/CController.php(1146): CAccessControlFilter->filter()
#10 /Users/sapc/Sites/yii/framework/web/filters/CInlineFilter.php(59): EncomendasFornecedorController->filterAccessControl()
#11 /Users/sapc/Sites/yii/framework/web/filters/CFilterChain.php(131): CInlineFilter->filter()
#12 /Users/sapc/Sites/yii/framework/web/CController.php(292): CFilterChain->run()
#13 /Users/sapc/Sites/yii/framework/web/CController.php(266): EncomendasFornecedorController->runActionWithFilters()
#14 /Users/sapc/Sites/yii/framework/web/CWebApplication.php(283): EncomendasFornecedorController->run()
#15 /Users/sapc/Sites/yii/framework/web/CWebApplication.php(142): CWebApplication->runController()
#16 /Users/sapc/Sites/yii/framework/base/CApplication.php(162): CWebApplication->processRequest()
#17 /Users/sapc/Sites/restauracao/index.php(31): CWebApplication->run()
REQUEST_URI=/restauracao/encomendasFornecedor/estatisticasCusto
in /Users/sapc/Sites/restauracao/protected/views/encomendasFornecedor/estatisticasCusto.php (152)
in /Users/sapc/Sites/restauracao/protected/controllers/EncomendasFornecedorController.php (858)
in /Users/sapc/Sites/restauracao/index.php (31)
2014/09/06 01:12:11 [error] [php] Trying to get property of non-object (/Users/sapc/Sites/restauracao/protected/views/encomendasFornecedor/estatisticasCusto.php:152)
Stack trace:
#0 /Users/sapc/Sites/yii/framework/web/CController.php(870): EncomendasFornecedorController->renderFile()
#1 /Users/sapc/Sites/yii/framework/web/CController.php(783): EncomendasFornecedorController->renderPartial()
#2 /Users/sapc/Sites/restauracao/protected/controllers/EncomendasFornecedorController.php(858): EncomendasFornecedorController->render()
#3 unknown(0): EncomendasFornecedorController->actionEstatisticasCusto()
#4 /Users/sapc/Sites/yii/framework/web/actions/CAction.php(107): ReflectionMethod->invokeArgs()
#5 /Users/sapc/Sites/yii/framework/web/actions/CInlineAction.php(48): CInlineAction->runWithParamsInternal()
#6 /Users/sapc/Sites/yii/framework/web/CController.php(309): CInlineAction->runWithParams()
#7 /Users/sapc/Sites/yii/framework/web/filters/CFilterChain.php(134): EncomendasFornecedorController->runAction()
#8 /Users/sapc/Sites/yii/framework/web/filters/CFilter.php(41): CFilterChain->run()
#9 /Users/sapc/Sites/yii/framework/web/CController.php(1146): CAccessControlFilter->filter()
#10 /Users/sapc/Sites/yii/framework/web/filters/CInlineFilter.php(59): EncomendasFornecedorController->filterAccessControl()
#11 /Users/sapc/Sites/yii/framework/web/filters/CFilterChain.php(131): CInlineFilter->filter()
#12 /Users/sapc/Sites/yii/framework/web/CController.php(292): CFilterChain->run()
#13 /Users/sapc/Sites/yii/framework/web/CController.php(266): EncomendasFornecedorController->runActionWithFilters()
#14 /Users/sapc/Sites/yii/framework/web/CWebApplication.php(283): EncomendasFornecedorController->run()
#15 /Users/sapc/Sites/yii/framework/web/CWebApplication.php(142): CWebApplication->runController()
#16 /Users/sapc/Sites/yii/framework/base/CApplication.php(162): CWebApplication->processRequest()
#17 /Users/sapc/Sites/restauracao/index.php(31): CWebApplication->run()
REQUEST_URI=/restauracao/encomendasFornecedor/estatisticasCusto
in /Users/sapc/Sites/restauracao/protected/views/encomendasFornecedor/estatisticasCusto.php (152)
in /Users/sapc/Sites/restauracao/protected/controllers/EncomendasFornecedorController.php (858)
in /Users/sapc/Sites/restauracao/index.php (31)
2014/09/06 01:12:35 [error] [php] Trying to get property of non-object (/Users/sapc/Sites/restauracao/protected/views/encomendasFornecedor/estatisticasCusto.php:152)
Stack trace:
#0 /Users/sapc/Sites/yii/framework/web/CController.php(870): EncomendasFornecedorController->renderFile()
#1 /Users/sapc/Sites/yii/framework/web/CController.php(783): EncomendasFornecedorController->renderPartial()
#2 /Users/sapc/Sites/restauracao/protected/controllers/EncomendasFornecedorController.php(858): EncomendasFornecedorController->render()
#3 unknown(0): EncomendasFornecedorController->actionEstatisticasCusto()
#4 /Users/sapc/Sites/yii/framework/web/actions/CAction.php(107): ReflectionMethod->invokeArgs()
#5 /Users/sapc/Sites/yii/framework/web/actions/CInlineAction.php(48): CInlineAction->runWithParamsInternal()
#6 /Users/sapc/Sites/yii/framework/web/CController.php(309): CInlineAction->runWithParams()
#7 /Users/sapc/Sites/yii/framework/web/filters/CFilterChain.php(134): EncomendasFornecedorController->runAction()
#8 /Users/sapc/Sites/yii/framework/web/filters/CFilter.php(41): CFilterChain->run()
#9 /Users/sapc/Sites/yii/framework/web/CController.php(1146): CAccessControlFilter->filter()
#10 /Users/sapc/Sites/yii/framework/web/filters/CInlineFilter.php(59): EncomendasFornecedorController->filterAccessControl()
#11 /Users/sapc/Sites/yii/framework/web/filters/CFilterChain.php(131): CInlineFilter->filter()
#12 /Users/sapc/Sites/yii/framework/web/CController.php(292): CFilterChain->run()
#13 /Users/sapc/Sites/yii/framework/web/CController.php(266): EncomendasFornecedorController->runActionWithFilters()
#14 /Users/sapc/Sites/yii/framework/web/CWebApplication.php(283): EncomendasFornecedorController->run()
#15 /Users/sapc/Sites/yii/framework/web/CWebApplication.php(142): CWebApplication->runController()
#16 /Users/sapc/Sites/yii/framework/base/CApplication.php(162): CWebApplication->processRequest()
#17 /Users/sapc/Sites/restauracao/index.php(31): CWebApplication->run()
REQUEST_URI=/restauracao/encomendasFornecedor/estatisticasCusto
in /Users/sapc/Sites/restauracao/protected/views/encomendasFornecedor/estatisticasCusto.php (152)
in /Users/sapc/Sites/restauracao/protected/controllers/EncomendasFornecedorController.php (858)
in /Users/sapc/Sites/restauracao/index.php (31)
2014/09/06 01:12:48 [error] [php] Trying to get property of non-object (/Users/sapc/Sites/restauracao/protected/views/encomendasFornecedor/estatisticasCusto.php:152)
Stack trace:
#0 /Users/sapc/Sites/yii/framework/web/CController.php(870): EncomendasFornecedorController->renderFile()
#1 /Users/sapc/Sites/yii/framework/web/CController.php(783): EncomendasFornecedorController->renderPartial()
#2 /Users/sapc/Sites/restauracao/protected/controllers/EncomendasFornecedorController.php(858): EncomendasFornecedorController->render()
#3 unknown(0): EncomendasFornecedorController->actionEstatisticasCusto()
#4 /Users/sapc/Sites/yii/framework/web/actions/CAction.php(107): ReflectionMethod->invokeArgs()
#5 /Users/sapc/Sites/yii/framework/web/actions/CInlineAction.php(48): CInlineAction->runWithParamsInternal()
#6 /Users/sapc/Sites/yii/framework/web/CController.php(309): CInlineAction->runWithParams()
#7 /Users/sapc/Sites/yii/framework/web/filters/CFilterChain.php(134): EncomendasFornecedorController->runAction()
#8 /Users/sapc/Sites/yii/framework/web/filters/CFilter.php(41): CFilterChain->run()
#9 /Users/sapc/Sites/yii/framework/web/CController.php(1146): CAccessControlFilter->filter()
#10 /Users/sapc/Sites/yii/framework/web/filters/CInlineFilter.php(59): EncomendasFornecedorController->filterAccessControl()
#11 /Users/sapc/Sites/yii/framework/web/filters/CFilterChain.php(131): CInlineFilter->filter()
#12 /Users/sapc/Sites/yii/framework/web/CController.php(292): CFilterChain->run()
#13 /Users/sapc/Sites/yii/framework/web/CController.php(266): EncomendasFornecedorController->runActionWithFilters()
#14 /Users/sapc/Sites/yii/framework/web/CWebApplication.php(283): EncomendasFornecedorController->run()
#15 /Users/sapc/Sites/yii/framework/web/CWebApplication.php(142): CWebApplication->runController()
#16 /Users/sapc/Sites/yii/framework/base/CApplication.php(162): CWebApplication->processRequest()
#17 /Users/sapc/Sites/restauracao/index.php(31): CWebApplication->run()
REQUEST_URI=/restauracao/encomendasFornecedor/estatisticasCusto
in /Users/sapc/Sites/restauracao/protected/views/encomendasFornecedor/estatisticasCusto.php (152)
in /Users/sapc/Sites/restauracao/protected/controllers/EncomendasFornecedorController.php (858)
in /Users/sapc/Sites/restauracao/index.php (31)
2014/09/06 01:13:02 [error] [php] Trying to get property of non-object (/Users/sapc/Sites/restauracao/protected/views/encomendasFornecedor/estatisticasCusto.php:152)
Stack trace:
#0 /Users/sapc/Sites/yii/framework/web/CController.php(870): EncomendasFornecedorController->renderFile()
#1 /Users/sapc/Sites/yii/framework/web/CController.php(783): EncomendasFornecedorController->renderPartial()
#2 /Users/sapc/Sites/restauracao/protected/controllers/EncomendasFornecedorController.php(858): EncomendasFornecedorController->render()
#3 unknown(0): EncomendasFornecedorController->actionEstatisticasCusto()
#4 /Users/sapc/Sites/yii/framework/web/actions/CAction.php(107): ReflectionMethod->invokeArgs()
#5 /Users/sapc/Sites/yii/framework/web/actions/CInlineAction.php(48): CInlineAction->runWithParamsInternal()
#6 /Users/sapc/Sites/yii/framework/web/CController.php(309): CInlineAction->runWithParams()
#7 /Users/sapc/Sites/yii/framework/web/filters/CFilterChain.php(134): EncomendasFornecedorController->runAction()
#8 /Users/sapc/Sites/yii/framework/web/filters/CFilter.php(41): CFilterChain->run()
#9 /Users/sapc/Sites/yii/framework/web/CController.php(1146): CAccessControlFilter->filter()
#10 /Users/sapc/Sites/yii/framework/web/filters/CInlineFilter.php(59): EncomendasFornecedorController->filterAccessControl()
#11 /Users/sapc/Sites/yii/framework/web/filters/CFilterChain.php(131): CInlineFilter->filter()
#12 /Users/sapc/Sites/yii/framework/web/CController.php(292): CFilterChain->run()
#13 /Users/sapc/Sites/yii/framework/web/CController.php(266): EncomendasFornecedorController->runActionWithFilters()
#14 /Users/sapc/Sites/yii/framework/web/CWebApplication.php(283): EncomendasFornecedorController->run()
#15 /Users/sapc/Sites/yii/framework/web/CWebApplication.php(142): CWebApplication->runController()
#16 /Users/sapc/Sites/yii/framework/base/CApplication.php(162): CWebApplication->processRequest()
#17 /Users/sapc/Sites/restauracao/index.php(31): CWebApplication->run()
REQUEST_URI=/restauracao/encomendasFornecedor/estatisticasCusto
in /Users/sapc/Sites/restauracao/protected/views/encomendasFornecedor/estatisticasCusto.php (152)
in /Users/sapc/Sites/restauracao/protected/controllers/EncomendasFornecedorController.php (858)
in /Users/sapc/Sites/restauracao/index.php (31)
2014/09/07 00:10:47 [error] [php] Array to string conversion (/Users/sapc/Sites/restauracao/protected/views/encomendasFornecedor/estatisticasCusto.php:202)
Stack trace:
#0 /Users/sapc/Sites/yii/framework/web/CController.php(870): EncomendasFornecedorController->renderFile()
#1 /Users/sapc/Sites/yii/framework/web/CController.php(783): EncomendasFornecedorController->renderPartial()
#2 /Users/sapc/Sites/restauracao/protected/controllers/EncomendasFornecedorController.php(867): EncomendasFornecedorController->render()
#3 unknown(0): EncomendasFornecedorController->actionEstatisticasCusto()
#4 /Users/sapc/Sites/yii/framework/web/actions/CAction.php(107): ReflectionMethod->invokeArgs()
#5 /Users/sapc/Sites/yii/framework/web/actions/CInlineAction.php(48): CInlineAction->runWithParamsInternal()
#6 /Users/sapc/Sites/yii/framework/web/CController.php(309): CInlineAction->runWithParams()
#7 /Users/sapc/Sites/yii/framework/web/filters/CFilterChain.php(134): EncomendasFornecedorController->runAction()
#8 /Users/sapc/Sites/yii/framework/web/filters/CFilter.php(41): CFilterChain->run()
#9 /Users/sapc/Sites/yii/framework/web/CController.php(1146): CAccessControlFilter->filter()
#10 /Users/sapc/Sites/yii/framework/web/filters/CInlineFilter.php(59): EncomendasFornecedorController->filterAccessControl()
#11 /Users/sapc/Sites/yii/framework/web/filters/CFilterChain.php(131): CInlineFilter->filter()
#12 /Users/sapc/Sites/yii/framework/web/CController.php(292): CFilterChain->run()
#13 /Users/sapc/Sites/yii/framework/web/CController.php(266): EncomendasFornecedorController->runActionWithFilters()
#14 /Users/sapc/Sites/yii/framework/web/CWebApplication.php(283): EncomendasFornecedorController->run()
#15 /Users/sapc/Sites/yii/framework/web/CWebApplication.php(142): CWebApplication->runController()
#16 /Users/sapc/Sites/yii/framework/base/CApplication.php(162): CWebApplication->processRequest()
#17 /Users/sapc/Sites/restauracao/index.php(31): CWebApplication->run()
REQUEST_URI=/restauracao/encomendasFornecedor/estatisticasCusto
in /Users/sapc/Sites/restauracao/protected/views/encomendasFornecedor/estatisticasCusto.php (202)
in /Users/sapc/Sites/restauracao/protected/controllers/EncomendasFornecedorController.php (867)
in /Users/sapc/Sites/restauracao/index.php (31)
2014/09/07 00:16:05 [error] [php] Undefined index:  8 (/Users/sapc/Sites/restauracao/protected/views/encomendasFornecedor/estatisticasCusto.php:198)
Stack trace:
#0 /Users/sapc/Sites/yii/framework/web/CController.php(870): EncomendasFornecedorController->renderFile()
#1 /Users/sapc/Sites/yii/framework/web/CController.php(783): EncomendasFornecedorController->renderPartial()
#2 /Users/sapc/Sites/restauracao/protected/controllers/EncomendasFornecedorController.php(867): EncomendasFornecedorController->render()
#3 unknown(0): EncomendasFornecedorController->actionEstatisticasCusto()
#4 /Users/sapc/Sites/yii/framework/web/actions/CAction.php(107): ReflectionMethod->invokeArgs()
#5 /Users/sapc/Sites/yii/framework/web/actions/CInlineAction.php(48): CInlineAction->runWithParamsInternal()
#6 /Users/sapc/Sites/yii/framework/web/CController.php(309): CInlineAction->runWithParams()
#7 /Users/sapc/Sites/yii/framework/web/filters/CFilterChain.php(134): EncomendasFornecedorController->runAction()
#8 /Users/sapc/Sites/yii/framework/web/filters/CFilter.php(41): CFilterChain->run()
#9 /Users/sapc/Sites/yii/framework/web/CController.php(1146): CAccessControlFilter->filter()
#10 /Users/sapc/Sites/yii/framework/web/filters/CInlineFilter.php(59): EncomendasFornecedorController->filterAccessControl()
#11 /Users/sapc/Sites/yii/framework/web/filters/CFilterChain.php(131): CInlineFilter->filter()
#12 /Users/sapc/Sites/yii/framework/web/CController.php(292): CFilterChain->run()
#13 /Users/sapc/Sites/yii/framework/web/CController.php(266): EncomendasFornecedorController->runActionWithFilters()
#14 /Users/sapc/Sites/yii/framework/web/CWebApplication.php(283): EncomendasFornecedorController->run()
#15 /Users/sapc/Sites/yii/framework/web/CWebApplication.php(142): CWebApplication->runController()
#16 /Users/sapc/Sites/yii/framework/base/CApplication.php(162): CWebApplication->processRequest()
#17 /Users/sapc/Sites/restauracao/index.php(31): CWebApplication->run()
REQUEST_URI=/restauracao/encomendasFornecedor/estatisticasCusto
in /Users/sapc/Sites/restauracao/protected/views/encomendasFornecedor/estatisticasCusto.php (198)
in /Users/sapc/Sites/restauracao/protected/controllers/EncomendasFornecedorController.php (867)
in /Users/sapc/Sites/restauracao/index.php (31)
2014/09/07 00:20:02 [error] [php] Undefined variable: r (/Users/sapc/Sites/restauracao/protected/views/encomendasFornecedor/estatisticasCusto.php:196)
Stack trace:
#0 /Users/sapc/Sites/yii/framework/web/CController.php(870): EncomendasFornecedorController->renderFile()
#1 /Users/sapc/Sites/yii/framework/web/CController.php(783): EncomendasFornecedorController->renderPartial()
#2 /Users/sapc/Sites/restauracao/protected/controllers/EncomendasFornecedorController.php(867): EncomendasFornecedorController->render()
#3 unknown(0): EncomendasFornecedorController->actionEstatisticasCusto()
#4 /Users/sapc/Sites/yii/framework/web/actions/CAction.php(107): ReflectionMethod->invokeArgs()
#5 /Users/sapc/Sites/yii/framework/web/actions/CInlineAction.php(48): CInlineAction->runWithParamsInternal()
#6 /Users/sapc/Sites/yii/framework/web/CController.php(309): CInlineAction->runWithParams()
#7 /Users/sapc/Sites/yii/framework/web/filters/CFilterChain.php(134): EncomendasFornecedorController->runAction()
#8 /Users/sapc/Sites/yii/framework/web/filters/CFilter.php(41): CFilterChain->run()
#9 /Users/sapc/Sites/yii/framework/web/CController.php(1146): CAccessControlFilter->filter()
#10 /Users/sapc/Sites/yii/framework/web/filters/CInlineFilter.php(59): EncomendasFornecedorController->filterAccessControl()
#11 /Users/sapc/Sites/yii/framework/web/filters/CFilterChain.php(131): CInlineFilter->filter()
#12 /Users/sapc/Sites/yii/framework/web/CController.php(292): CFilterChain->run()
#13 /Users/sapc/Sites/yii/framework/web/CController.php(266): EncomendasFornecedorController->runActionWithFilters()
#14 /Users/sapc/Sites/yii/framework/web/CWebApplication.php(283): EncomendasFornecedorController->run()
#15 /Users/sapc/Sites/yii/framework/web/CWebApplication.php(142): CWebApplication->runController()
#16 /Users/sapc/Sites/yii/framework/base/CApplication.php(162): CWebApplication->processRequest()
#17 /Users/sapc/Sites/restauracao/index.php(31): CWebApplication->run()
REQUEST_URI=/restauracao/encomendasFornecedor/estatisticasCusto
in /Users/sapc/Sites/restauracao/protected/views/encomendasFornecedor/estatisticasCusto.php (196)
in /Users/sapc/Sites/restauracao/protected/controllers/EncomendasFornecedorController.php (867)
in /Users/sapc/Sites/restauracao/index.php (31)
2014/09/07 00:20:41 [error] [php] Undefined variable: r (/Users/sapc/Sites/restauracao/protected/views/encomendasFornecedor/estatisticasCusto.php:196)
Stack trace:
#0 /Users/sapc/Sites/yii/framework/web/CController.php(870): EncomendasFornecedorController->renderFile()
#1 /Users/sapc/Sites/yii/framework/web/CController.php(783): EncomendasFornecedorController->renderPartial()
#2 /Users/sapc/Sites/restauracao/protected/controllers/EncomendasFornecedorController.php(867): EncomendasFornecedorController->render()
#3 unknown(0): EncomendasFornecedorController->actionEstatisticasCusto()
#4 /Users/sapc/Sites/yii/framework/web/actions/CAction.php(107): ReflectionMethod->invokeArgs()
#5 /Users/sapc/Sites/yii/framework/web/actions/CInlineAction.php(48): CInlineAction->runWithParamsInternal()
#6 /Users/sapc/Sites/yii/framework/web/CController.php(309): CInlineAction->runWithParams()
#7 /Users/sapc/Sites/yii/framework/web/filters/CFilterChain.php(134): EncomendasFornecedorController->runAction()
#8 /Users/sapc/Sites/yii/framework/web/filters/CFilter.php(41): CFilterChain->run()
#9 /Users/sapc/Sites/yii/framework/web/CController.php(1146): CAccessControlFilter->filter()
#10 /Users/sapc/Sites/yii/framework/web/filters/CInlineFilter.php(59): EncomendasFornecedorController->filterAccessControl()
#11 /Users/sapc/Sites/yii/framework/web/filters/CFilterChain.php(131): CInlineFilter->filter()
#12 /Users/sapc/Sites/yii/framework/web/CController.php(292): CFilterChain->run()
#13 /Users/sapc/Sites/yii/framework/web/CController.php(266): EncomendasFornecedorController->runActionWithFilters()
#14 /Users/sapc/Sites/yii/framework/web/CWebApplication.php(283): EncomendasFornecedorController->run()
#15 /Users/sapc/Sites/yii/framework/web/CWebApplication.php(142): CWebApplication->runController()
#16 /Users/sapc/Sites/yii/framework/base/CApplication.php(162): CWebApplication->processRequest()
#17 /Users/sapc/Sites/restauracao/index.php(31): CWebApplication->run()
REQUEST_URI=/restauracao/encomendasFornecedor/estatisticasCusto
in /Users/sapc/Sites/restauracao/protected/views/encomendasFornecedor/estatisticasCusto.php (196)
in /Users/sapc/Sites/restauracao/protected/controllers/EncomendasFornecedorController.php (867)
in /Users/sapc/Sites/restauracao/index.php (31)
2014/09/07 00:37:50 [error] [exception.CDbException] exception 'CDbException' with message 'CDbConnection failed to open the DB connection: SQLSTATE[HY000] [2013] Lost connection to MySQL server at 'reading authorization packet', system error: 0' in /Users/sapc/Sites/yii/framework/db/CDbConnection.php:382
Stack trace:
#0 /Users/sapc/Sites/yii/framework/db/CDbConnection.php(331): CDbConnection->open()
#1 /Users/sapc/Sites/yii/framework/db/CDbConnection.php(309): CDbConnection->setActive(true)
#2 /Users/sapc/Sites/yii/framework/base/CModule.php(388): CDbConnection->init()
#3 /Users/sapc/Sites/yii/framework/base/CModule.php(104): CModule->getComponent('db')
#4 /Users/sapc/Sites/restauracao/protected/controllers/EncomendasFornecedorController.php(833): CModule->__get('db')
#5 [internal function]: EncomendasFornecedorController->actionEstatisticasCusto(0, 0, '', '', '')
#6 /Users/sapc/Sites/yii/framework/web/actions/CAction.php(107): ReflectionMethod->invokeArgs(Object(EncomendasFornecedorController), Array)
#7 /Users/sapc/Sites/yii/framework/web/actions/CInlineAction.php(48): CAction->runWithParamsInternal(Object(EncomendasFornecedorController), Object(ReflectionMethod), Array)
#8 /Users/sapc/Sites/yii/framework/web/CController.php(309): CInlineAction->runWithParams(Array)
#9 /Users/sapc/Sites/yii/framework/web/filters/CFilterChain.php(134): CController->runAction(Object(CInlineAction))
#10 /Users/sapc/Sites/yii/framework/web/filters/CFilter.php(41): CFilterChain->run()
#11 /Users/sapc/Sites/yii/framework/web/CController.php(1146): CFilter->filter(Object(CFilterChain))
#12 /Users/sapc/Sites/yii/framework/web/filters/CInlineFilter.php(59): CController->filterAccessControl(Object(CFilterChain))
#13 /Users/sapc/Sites/yii/framework/web/filters/CFilterChain.php(131): CInlineFilter->filter(Object(CFilterChain))
#14 /Users/sapc/Sites/yii/framework/web/CController.php(292): CFilterChain->run()
#15 /Users/sapc/Sites/yii/framework/web/CController.php(266): CController->runActionWithFilters(Object(CInlineAction), Array)
#16 /Users/sapc/Sites/yii/framework/web/CWebApplication.php(283): CController->run('estatisticasCus...')
#17 /Users/sapc/Sites/yii/framework/web/CWebApplication.php(142): CWebApplication->runController('encomendasForne...')
#18 /Users/sapc/Sites/yii/framework/base/CApplication.php(162): CWebApplication->processRequest()
#19 /Users/sapc/Sites/restauracao/index.php(31): CApplication->run()
#20 {main}
REQUEST_URI=/restauracao/encomendasFornecedor/estatisticasCusto
HTTP_REFERER=http://localhost:8888/restauracao/encomendasFornecedor/estatisticasCusto
---
2014/09/07 00:40:05 [error] [php] Undefined index:  8-85 (/Users/sapc/Sites/restauracao/protected/views/encomendasFornecedor/estatisticasCusto.php:198)
Stack trace:
#0 /Users/sapc/Sites/yii/framework/web/CController.php(870): EncomendasFornecedorController->renderFile()
#1 /Users/sapc/Sites/yii/framework/web/CController.php(783): EncomendasFornecedorController->renderPartial()
#2 /Users/sapc/Sites/restauracao/protected/controllers/EncomendasFornecedorController.php(867): EncomendasFornecedorController->render()
#3 unknown(0): EncomendasFornecedorController->actionEstatisticasCusto()
#4 /Users/sapc/Sites/yii/framework/web/actions/CAction.php(107): ReflectionMethod->invokeArgs()
#5 /Users/sapc/Sites/yii/framework/web/actions/CInlineAction.php(48): CInlineAction->runWithParamsInternal()
#6 /Users/sapc/Sites/yii/framework/web/CController.php(309): CInlineAction->runWithParams()
#7 /Users/sapc/Sites/yii/framework/web/filters/CFilterChain.php(134): EncomendasFornecedorController->runAction()
#8 /Users/sapc/Sites/yii/framework/web/filters/CFilter.php(41): CFilterChain->run()
#9 /Users/sapc/Sites/yii/framework/web/CController.php(1146): CAccessControlFilter->filter()
#10 /Users/sapc/Sites/yii/framework/web/filters/CInlineFilter.php(59): EncomendasFornecedorController->filterAccessControl()
#11 /Users/sapc/Sites/yii/framework/web/filters/CFilterChain.php(131): CInlineFilter->filter()
#12 /Users/sapc/Sites/yii/framework/web/CController.php(292): CFilterChain->run()
#13 /Users/sapc/Sites/yii/framework/web/CController.php(266): EncomendasFornecedorController->runActionWithFilters()
#14 /Users/sapc/Sites/yii/framework/web/CWebApplication.php(283): EncomendasFornecedorController->run()
#15 /Users/sapc/Sites/yii/framework/web/CWebApplication.php(142): CWebApplication->runController()
#16 /Users/sapc/Sites/yii/framework/base/CApplication.php(162): CWebApplication->processRequest()
#17 /Users/sapc/Sites/restauracao/index.php(31): CWebApplication->run()
REQUEST_URI=/restauracao/encomendasFornecedor/estatisticasCusto
in /Users/sapc/Sites/restauracao/protected/views/encomendasFornecedor/estatisticasCusto.php (198)
in /Users/sapc/Sites/restauracao/protected/controllers/EncomendasFornecedorController.php (867)
in /Users/sapc/Sites/restauracao/index.php (31)
2014/09/07 01:46:33 [error] [exception.CDbException] exception 'CDbException' with message 'CDbConnection failed to open the DB connection: SQLSTATE[HY000] [2013] Lost connection to MySQL server at 'reading authorization packet', system error: 0' in /Users/sapc/Sites/yii/framework/db/CDbConnection.php:382
Stack trace:
#0 /Users/sapc/Sites/yii/framework/db/CDbConnection.php(331): CDbConnection->open()
#1 /Users/sapc/Sites/yii/framework/db/CDbConnection.php(309): CDbConnection->setActive(true)
#2 /Users/sapc/Sites/yii/framework/base/CModule.php(388): CDbConnection->init()
#3 /Users/sapc/Sites/yii/framework/base/CModule.php(104): CModule->getComponent('db')
#4 /Users/sapc/Sites/restauracao/protected/controllers/EncomendasFornecedorController.php(833): CModule->__get('db')
#5 [internal function]: EncomendasFornecedorController->actionEstatisticasCusto(0, 0, '', '', '')
#6 /Users/sapc/Sites/yii/framework/web/actions/CAction.php(107): ReflectionMethod->invokeArgs(Object(EncomendasFornecedorController), Array)
#7 /Users/sapc/Sites/yii/framework/web/actions/CInlineAction.php(48): CAction->runWithParamsInternal(Object(EncomendasFornecedorController), Object(ReflectionMethod), Array)
#8 /Users/sapc/Sites/yii/framework/web/CController.php(309): CInlineAction->runWithParams(Array)
#9 /Users/sapc/Sites/yii/framework/web/filters/CFilterChain.php(134): CController->runAction(Object(CInlineAction))
#10 /Users/sapc/Sites/yii/framework/web/filters/CFilter.php(41): CFilterChain->run()
#11 /Users/sapc/Sites/yii/framework/web/CController.php(1146): CFilter->filter(Object(CFilterChain))
#12 /Users/sapc/Sites/yii/framework/web/filters/CInlineFilter.php(59): CController->filterAccessControl(Object(CFilterChain))
#13 /Users/sapc/Sites/yii/framework/web/filters/CFilterChain.php(131): CInlineFilter->filter(Object(CFilterChain))
#14 /Users/sapc/Sites/yii/framework/web/CController.php(292): CFilterChain->run()
#15 /Users/sapc/Sites/yii/framework/web/CController.php(266): CController->runActionWithFilters(Object(CInlineAction), Array)
#16 /Users/sapc/Sites/yii/framework/web/CWebApplication.php(283): CController->run('estatisticasCus...')
#17 /Users/sapc/Sites/yii/framework/web/CWebApplication.php(142): CWebApplication->runController('encomendasForne...')
#18 /Users/sapc/Sites/yii/framework/base/CApplication.php(162): CWebApplication->processRequest()
#19 /Users/sapc/Sites/restauracao/index.php(31): CApplication->run()
#20 {main}
REQUEST_URI=/restauracao/encomendasFornecedor/estatisticasCusto
HTTP_REFERER=http://localhost:8888/restauracao/encomendasFornecedor/estatisticasCusto
---
2014/09/07 01:46:59 [error] [php] Undefined variable: q (/Users/sapc/Sites/restauracao/protected/controllers/EncomendasFornecedorController.php:867)
Stack trace:
#0 /Users/sapc/Sites/yii/framework/web/actions/CInlineAction.php(48): CInlineAction->runWithParamsInternal()
#1 /Users/sapc/Sites/yii/framework/web/CController.php(309): CInlineAction->runWithParams()
#2 /Users/sapc/Sites/yii/framework/web/filters/CFilterChain.php(134): EncomendasFornecedorController->runAction()
#3 /Users/sapc/Sites/yii/framework/web/filters/CFilter.php(41): CFilterChain->run()
#4 /Users/sapc/Sites/yii/framework/web/CController.php(1146): CAccessControlFilter->filter()
#5 /Users/sapc/Sites/yii/framework/web/filters/CInlineFilter.php(59): EncomendasFornecedorController->filterAccessControl()
#6 /Users/sapc/Sites/yii/framework/web/filters/CFilterChain.php(131): CInlineFilter->filter()
#7 /Users/sapc/Sites/yii/framework/web/CController.php(292): CFilterChain->run()
#8 /Users/sapc/Sites/yii/framework/web/CController.php(266): EncomendasFornecedorController->runActionWithFilters()
#9 /Users/sapc/Sites/yii/framework/web/CWebApplication.php(283): EncomendasFornecedorController->run()
#10 /Users/sapc/Sites/yii/framework/web/CWebApplication.php(142): CWebApplication->runController()
#11 /Users/sapc/Sites/yii/framework/base/CApplication.php(162): CWebApplication->processRequest()
#12 /Users/sapc/Sites/restauracao/index.php(31): CWebApplication->run()
REQUEST_URI=/restauracao/encomendasFornecedor/estatisticasCusto
in /Users/sapc/Sites/restauracao/protected/controllers/EncomendasFornecedorController.php (867)
in /Users/sapc/Sites/restauracao/index.php (31)
2014/09/07 01:47:26 [error] [php] Undefined variable: q (/Users/sapc/Sites/restauracao/protected/controllers/EncomendasFornecedorController.php:867)
Stack trace:
#0 /Users/sapc/Sites/yii/framework/web/actions/CInlineAction.php(48): CInlineAction->runWithParamsInternal()
#1 /Users/sapc/Sites/yii/framework/web/CController.php(309): CInlineAction->runWithParams()
#2 /Users/sapc/Sites/yii/framework/web/filters/CFilterChain.php(134): EncomendasFornecedorController->runAction()
#3 /Users/sapc/Sites/yii/framework/web/filters/CFilter.php(41): CFilterChain->run()
#4 /Users/sapc/Sites/yii/framework/web/CController.php(1146): CAccessControlFilter->filter()
#5 /Users/sapc/Sites/yii/framework/web/filters/CInlineFilter.php(59): EncomendasFornecedorController->filterAccessControl()
#6 /Users/sapc/Sites/yii/framework/web/filters/CFilterChain.php(131): CInlineFilter->filter()
#7 /Users/sapc/Sites/yii/framework/web/CController.php(292): CFilterChain->run()
#8 /Users/sapc/Sites/yii/framework/web/CController.php(266): EncomendasFornecedorController->runActionWithFilters()
#9 /Users/sapc/Sites/yii/framework/web/CWebApplication.php(283): EncomendasFornecedorController->run()
#10 /Users/sapc/Sites/yii/framework/web/CWebApplication.php(142): CWebApplication->runController()
#11 /Users/sapc/Sites/yii/framework/base/CApplication.php(162): CWebApplication->processRequest()
#12 /Users/sapc/Sites/restauracao/index.php(31): CWebApplication->run()
REQUEST_URI=/restauracao/encomendasFornecedor/estatisticasCusto
in /Users/sapc/Sites/restauracao/protected/controllers/EncomendasFornecedorController.php (867)
in /Users/sapc/Sites/restauracao/index.php (31)
2014/09/07 01:48:03 [error] [php] Undefined variable: q (/Users/sapc/Sites/restauracao/protected/controllers/EncomendasFornecedorController.php:867)
Stack trace:
#0 /Users/sapc/Sites/yii/framework/web/actions/CInlineAction.php(48): CInlineAction->runWithParamsInternal()
#1 /Users/sapc/Sites/yii/framework/web/CController.php(309): CInlineAction->runWithParams()
#2 /Users/sapc/Sites/yii/framework/web/filters/CFilterChain.php(134): EncomendasFornecedorController->runAction()
#3 /Users/sapc/Sites/yii/framework/web/filters/CFilter.php(41): CFilterChain->run()
#4 /Users/sapc/Sites/yii/framework/web/CController.php(1146): CAccessControlFilter->filter()
#5 /Users/sapc/Sites/yii/framework/web/filters/CInlineFilter.php(59): EncomendasFornecedorController->filterAccessControl()
#6 /Users/sapc/Sites/yii/framework/web/filters/CFilterChain.php(131): CInlineFilter->filter()
#7 /Users/sapc/Sites/yii/framework/web/CController.php(292): CFilterChain->run()
#8 /Users/sapc/Sites/yii/framework/web/CController.php(266): EncomendasFornecedorController->runActionWithFilters()
#9 /Users/sapc/Sites/yii/framework/web/CWebApplication.php(283): EncomendasFornecedorController->run()
#10 /Users/sapc/Sites/yii/framework/web/CWebApplication.php(142): CWebApplication->runController()
#11 /Users/sapc/Sites/yii/framework/base/CApplication.php(162): CWebApplication->processRequest()
#12 /Users/sapc/Sites/restauracao/index.php(31): CWebApplication->run()
REQUEST_URI=/restauracao/encomendasFornecedor/estatisticasCusto
in /Users/sapc/Sites/restauracao/protected/controllers/EncomendasFornecedorController.php (867)
in /Users/sapc/Sites/restauracao/index.php (31)
2014/09/07 01:48:37 [error] [php] Trying to get property of non-object (/Users/sapc/Sites/restauracao/protected/views/encomendasFornecedor/estatisticasCusto.php:154)
Stack trace:
#0 /Users/sapc/Sites/yii/framework/web/CController.php(870): EncomendasFornecedorController->renderFile()
#1 /Users/sapc/Sites/yii/framework/web/CController.php(783): EncomendasFornecedorController->renderPartial()
#2 /Users/sapc/Sites/restauracao/protected/controllers/EncomendasFornecedorController.php(869): EncomendasFornecedorController->render()
#3 unknown(0): EncomendasFornecedorController->actionEstatisticasCusto()
#4 /Users/sapc/Sites/yii/framework/web/actions/CAction.php(107): ReflectionMethod->invokeArgs()
#5 /Users/sapc/Sites/yii/framework/web/actions/CInlineAction.php(48): CInlineAction->runWithParamsInternal()
#6 /Users/sapc/Sites/yii/framework/web/CController.php(309): CInlineAction->runWithParams()
#7 /Users/sapc/Sites/yii/framework/web/filters/CFilterChain.php(134): EncomendasFornecedorController->runAction()
#8 /Users/sapc/Sites/yii/framework/web/filters/CFilter.php(41): CFilterChain->run()
#9 /Users/sapc/Sites/yii/framework/web/CController.php(1146): CAccessControlFilter->filter()
#10 /Users/sapc/Sites/yii/framework/web/filters/CInlineFilter.php(59): EncomendasFornecedorController->filterAccessControl()
#11 /Users/sapc/Sites/yii/framework/web/filters/CFilterChain.php(131): CInlineFilter->filter()
#12 /Users/sapc/Sites/yii/framework/web/CController.php(292): CFilterChain->run()
#13 /Users/sapc/Sites/yii/framework/web/CController.php(266): EncomendasFornecedorController->runActionWithFilters()
#14 /Users/sapc/Sites/yii/framework/web/CWebApplication.php(283): EncomendasFornecedorController->run()
#15 /Users/sapc/Sites/yii/framework/web/CWebApplication.php(142): CWebApplication->runController()
#16 /Users/sapc/Sites/yii/framework/base/CApplication.php(162): CWebApplication->processRequest()
#17 /Users/sapc/Sites/restauracao/index.php(31): CWebApplication->run()
REQUEST_URI=/restauracao/encomendasFornecedor/estatisticasCusto
in /Users/sapc/Sites/restauracao/protected/views/encomendasFornecedor/estatisticasCusto.php (154)
in /Users/sapc/Sites/restauracao/protected/controllers/EncomendasFornecedorController.php (869)
in /Users/sapc/Sites/restauracao/index.php (31)
2014/09/07 01:49:18 [error] [php] Trying to get property of non-object (/Users/sapc/Sites/restauracao/protected/views/encomendasFornecedor/estatisticasCusto.php:154)
Stack trace:
#0 /Users/sapc/Sites/yii/framework/web/CController.php(870): EncomendasFornecedorController->renderFile()
#1 /Users/sapc/Sites/yii/framework/web/CController.php(783): EncomendasFornecedorController->renderPartial()
#2 /Users/sapc/Sites/restauracao/protected/controllers/EncomendasFornecedorController.php(869): EncomendasFornecedorController->render()
#3 unknown(0): EncomendasFornecedorController->actionEstatisticasCusto()
#4 /Users/sapc/Sites/yii/framework/web/actions/CAction.php(107): ReflectionMethod->invokeArgs()
#5 /Users/sapc/Sites/yii/framework/web/actions/CInlineAction.php(48): CInlineAction->runWithParamsInternal()
#6 /Users/sapc/Sites/yii/framework/web/CController.php(309): CInlineAction->runWithParams()
#7 /Users/sapc/Sites/yii/framework/web/filters/CFilterChain.php(134): EncomendasFornecedorController->runAction()
#8 /Users/sapc/Sites/yii/framework/web/filters/CFilter.php(41): CFilterChain->run()
#9 /Users/sapc/Sites/yii/framework/web/CController.php(1146): CAccessControlFilter->filter()
#10 /Users/sapc/Sites/yii/framework/web/filters/CInlineFilter.php(59): EncomendasFornecedorController->filterAccessControl()
#11 /Users/sapc/Sites/yii/framework/web/filters/CFilterChain.php(131): CInlineFilter->filter()
#12 /Users/sapc/Sites/yii/framework/web/CController.php(292): CFilterChain->run()
#13 /Users/sapc/Sites/yii/framework/web/CController.php(266): EncomendasFornecedorController->runActionWithFilters()
#14 /Users/sapc/Sites/yii/framework/web/CWebApplication.php(283): EncomendasFornecedorController->run()
#15 /Users/sapc/Sites/yii/framework/web/CWebApplication.php(142): CWebApplication->runController()
#16 /Users/sapc/Sites/yii/framework/base/CApplication.php(162): CWebApplication->processRequest()
#17 /Users/sapc/Sites/restauracao/index.php(31): CWebApplication->run()
REQUEST_URI=/restauracao/encomendasFornecedor/estatisticasCusto
in /Users/sapc/Sites/restauracao/protected/views/encomendasFornecedor/estatisticasCusto.php (154)
in /Users/sapc/Sites/restauracao/protected/controllers/EncomendasFornecedorController.php (869)
in /Users/sapc/Sites/restauracao/index.php (31)
2014/09/08 21:02:46 [error] [exception.CHttpException.403] exception 'CHttpException' with message 'Você não está autorizado a realizar essa operação.' in /Users/sapc/Sites/yii/framework/web/auth/CAccessControlFilter.php:170
Stack trace:
#0 /Users/sapc/Sites/yii/framework/web/auth/CAccessControlFilter.php(133): CAccessControlFilter->accessDenied(Object(CWebUser), 'Voc?? n??o est?...')
#1 /Users/sapc/Sites/yii/framework/web/filters/CFilter.php(39): CAccessControlFilter->preFilter(Object(CFilterChain))
#2 /Users/sapc/Sites/yii/framework/web/CController.php(1146): CFilter->filter(Object(CFilterChain))
#3 /Users/sapc/Sites/yii/framework/web/filters/CInlineFilter.php(59): CController->filterAccessControl(Object(CFilterChain))
#4 /Users/sapc/Sites/yii/framework/web/filters/CFilterChain.php(131): CInlineFilter->filter(Object(CFilterChain))
#5 /Users/sapc/Sites/yii/framework/web/CController.php(292): CFilterChain->run()
#6 /Users/sapc/Sites/yii/framework/web/CController.php(266): CController->runActionWithFilters(Object(CInlineAction), Array)
#7 /Users/sapc/Sites/yii/framework/web/CWebApplication.php(283): CController->run('estatisticasCus...')
#8 /Users/sapc/Sites/yii/framework/web/CWebApplication.php(142): CWebApplication->runController('encomendasForne...')
#9 /Users/sapc/Sites/yii/framework/base/CApplication.php(162): CWebApplication->processRequest()
#10 /Users/sapc/Sites/restauracao/index.php(31): CApplication->run()
#11 {main}
REQUEST_URI=/restauracao/encomendasFornecedor/estatisticasCustoPrint
---
2014/09/08 21:34:35 [error] [php] Cannot modify header information - headers already sent by (output started at /Users/sapc/Sites/yii/framework/web/CController.php:876) (/Users/sapc/Sites/restauracao/protected/vendors/mpdf/mpdf.php:7451)
Stack trace:
#0 unknown(0): EncomendasFornecedorController->actionEstatisticasCustoPrint()
#1 /Users/sapc/Sites/yii/framework/web/actions/CAction.php(107): ReflectionMethod->invokeArgs()
#2 /Users/sapc/Sites/yii/framework/web/actions/CInlineAction.php(48): CInlineAction->runWithParamsInternal()
#3 /Users/sapc/Sites/yii/framework/web/CController.php(309): CInlineAction->runWithParams()
#4 /Users/sapc/Sites/yii/framework/web/filters/CFilterChain.php(134): EncomendasFornecedorController->runAction()
#5 /Users/sapc/Sites/yii/framework/web/filters/CFilter.php(41): CFilterChain->run()
#6 /Users/sapc/Sites/yii/framework/web/CController.php(1146): CAccessControlFilter->filter()
#7 /Users/sapc/Sites/yii/framework/web/filters/CInlineFilter.php(59): EncomendasFornecedorController->filterAccessControl()
#8 /Users/sapc/Sites/yii/framework/web/filters/CFilterChain.php(131): CInlineFilter->filter()
#9 /Users/sapc/Sites/yii/framework/web/CController.php(292): CFilterChain->run()
#10 /Users/sapc/Sites/yii/framework/web/CController.php(266): EncomendasFornecedorController->runActionWithFilters()
#11 /Users/sapc/Sites/yii/framework/web/CWebApplication.php(283): EncomendasFornecedorController->run()
#12 /Users/sapc/Sites/yii/framework/web/CWebApplication.php(142): CWebApplication->runController()
#13 /Users/sapc/Sites/yii/framework/base/CApplication.php(162): CWebApplication->processRequest()
#14 /Users/sapc/Sites/restauracao/index.php(31): CWebApplication->run()
REQUEST_URI=/restauracao/encomendasFornecedor/estatisticasCustoPrint
in /Users/sapc/Sites/restauracao/protected/vendors/mpdf/mpdf.php (7451)
in /Users/sapc/Sites/restauracao/protected/controllers/EncomendasFornecedorController.php (1017)
in /Users/sapc/Sites/restauracao/index.php (31)
2014/09/08 21:34:44 [error] [php] Cannot modify header information - headers already sent by (output started at /Users/sapc/Sites/yii/framework/web/CController.php:876) (/Users/sapc/Sites/restauracao/protected/vendors/mpdf/mpdf.php:7451)
Stack trace:
#0 unknown(0): EncomendasFornecedorController->actionEstatisticasCustoPrint()
#1 /Users/sapc/Sites/yii/framework/web/actions/CAction.php(107): ReflectionMethod->invokeArgs()
#2 /Users/sapc/Sites/yii/framework/web/actions/CInlineAction.php(48): CInlineAction->runWithParamsInternal()
#3 /Users/sapc/Sites/yii/framework/web/CController.php(309): CInlineAction->runWithParams()
#4 /Users/sapc/Sites/yii/framework/web/filters/CFilterChain.php(134): EncomendasFornecedorController->runAction()
#5 /Users/sapc/Sites/yii/framework/web/filters/CFilter.php(41): CFilterChain->run()
#6 /Users/sapc/Sites/yii/framework/web/CController.php(1146): CAccessControlFilter->filter()
#7 /Users/sapc/Sites/yii/framework/web/filters/CInlineFilter.php(59): EncomendasFornecedorController->filterAccessControl()
#8 /Users/sapc/Sites/yii/framework/web/filters/CFilterChain.php(131): CInlineFilter->filter()
#9 /Users/sapc/Sites/yii/framework/web/CController.php(292): CFilterChain->run()
#10 /Users/sapc/Sites/yii/framework/web/CController.php(266): EncomendasFornecedorController->runActionWithFilters()
#11 /Users/sapc/Sites/yii/framework/web/CWebApplication.php(283): EncomendasFornecedorController->run()
#12 /Users/sapc/Sites/yii/framework/web/CWebApplication.php(142): CWebApplication->runController()
#13 /Users/sapc/Sites/yii/framework/base/CApplication.php(162): CWebApplication->processRequest()
#14 /Users/sapc/Sites/restauracao/index.php(31): CWebApplication->run()
REQUEST_URI=/restauracao/encomendasFornecedor/estatisticasCustoPrint
in /Users/sapc/Sites/restauracao/protected/vendors/mpdf/mpdf.php (7451)
in /Users/sapc/Sites/restauracao/protected/controllers/EncomendasFornecedorController.php (1017)
in /Users/sapc/Sites/restauracao/index.php (31)
2014/09/09 00:29:56 [error] [php] Cannot modify header information - headers already sent by (output started at /Users/sapc/Sites/yii/framework/web/CController.php:876) (/Users/sapc/Sites/restauracao/protected/vendors/mpdf/mpdf.php:7451)
Stack trace:
#0 unknown(0): EncomendasFornecedorController->actionEstatisticasCustoPrint()
#1 /Users/sapc/Sites/yii/framework/web/actions/CAction.php(107): ReflectionMethod->invokeArgs()
#2 /Users/sapc/Sites/yii/framework/web/actions/CInlineAction.php(48): CInlineAction->runWithParamsInternal()
#3 /Users/sapc/Sites/yii/framework/web/CController.php(309): CInlineAction->runWithParams()
#4 /Users/sapc/Sites/yii/framework/web/filters/CFilterChain.php(134): EncomendasFornecedorController->runAction()
#5 /Users/sapc/Sites/yii/framework/web/filters/CFilter.php(41): CFilterChain->run()
#6 /Users/sapc/Sites/yii/framework/web/CController.php(1146): CAccessControlFilter->filter()
#7 /Users/sapc/Sites/yii/framework/web/filters/CInlineFilter.php(59): EncomendasFornecedorController->filterAccessControl()
#8 /Users/sapc/Sites/yii/framework/web/filters/CFilterChain.php(131): CInlineFilter->filter()
#9 /Users/sapc/Sites/yii/framework/web/CController.php(292): CFilterChain->run()
#10 /Users/sapc/Sites/yii/framework/web/CController.php(266): EncomendasFornecedorController->runActionWithFilters()
#11 /Users/sapc/Sites/yii/framework/web/CWebApplication.php(283): EncomendasFornecedorController->run()
#12 /Users/sapc/Sites/yii/framework/web/CWebApplication.php(142): CWebApplication->runController()
#13 /Users/sapc/Sites/yii/framework/base/CApplication.php(162): CWebApplication->processRequest()
#14 /Users/sapc/Sites/restauracao/index.php(31): CWebApplication->run()
REQUEST_URI=/restauracao/encomendasFornecedor/estatisticasCustoPrint?loja=0&fornecedor=17&dataInicio=&dataFim=&artigo=
in /Users/sapc/Sites/restauracao/protected/vendors/mpdf/mpdf.php (7451)
in /Users/sapc/Sites/restauracao/protected/controllers/EncomendasFornecedorController.php (1018)
in /Users/sapc/Sites/restauracao/index.php (31)
2014/09/09 00:34:24 [error] [exception.CDbException] exception 'CDbException' with message 'CDbConnection failed to open the DB connection: SQLSTATE[HY000] [2003] Can't connect to MySQL server on '127.0.0.1' (61)' in /Users/sapc/Sites/yii/framework/db/CDbConnection.php:382
Stack trace:
#0 /Users/sapc/Sites/yii/framework/db/CDbConnection.php(331): CDbConnection->open()
#1 /Users/sapc/Sites/yii/framework/db/CDbConnection.php(309): CDbConnection->setActive(true)
#2 /Users/sapc/Sites/yii/framework/base/CModule.php(388): CDbConnection->init()
#3 /Users/sapc/Sites/yii/framework/base/CModule.php(104): CModule->getComponent('db')
#4 /Users/sapc/Sites/restauracao/protected/controllers/EncomendasFornecedorController.php(973): CModule->__get('db')
#5 [internal function]: EncomendasFornecedorController->actionEstatisticasCustoPrint('0', '17', '', '', '')
#6 /Users/sapc/Sites/yii/framework/web/actions/CAction.php(107): ReflectionMethod->invokeArgs(Object(EncomendasFornecedorController), Array)
#7 /Users/sapc/Sites/yii/framework/web/actions/CInlineAction.php(48): CAction->runWithParamsInternal(Object(EncomendasFornecedorController), Object(ReflectionMethod), Array)
#8 /Users/sapc/Sites/yii/framework/web/CController.php(309): CInlineAction->runWithParams(Array)
#9 /Users/sapc/Sites/yii/framework/web/filters/CFilterChain.php(134): CController->runAction(Object(CInlineAction))
#10 /Users/sapc/Sites/yii/framework/web/filters/CFilter.php(41): CFilterChain->run()
#11 /Users/sapc/Sites/yii/framework/web/CController.php(1146): CFilter->filter(Object(CFilterChain))
#12 /Users/sapc/Sites/yii/framework/web/filters/CInlineFilter.php(59): CController->filterAccessControl(Object(CFilterChain))
#13 /Users/sapc/Sites/yii/framework/web/filters/CFilterChain.php(131): CInlineFilter->filter(Object(CFilterChain))
#14 /Users/sapc/Sites/yii/framework/web/CController.php(292): CFilterChain->run()
#15 /Users/sapc/Sites/yii/framework/web/CController.php(266): CController->runActionWithFilters(Object(CInlineAction), Array)
#16 /Users/sapc/Sites/yii/framework/web/CWebApplication.php(283): CController->run('estatisticasCus...')
#17 /Users/sapc/Sites/yii/framework/web/CWebApplication.php(142): CWebApplication->runController('encomendasForne...')
#18 /Users/sapc/Sites/yii/framework/base/CApplication.php(162): CWebApplication->processRequest()
#19 /Users/sapc/Sites/restauracao/index.php(31): CApplication->run()
#20 {main}
REQUEST_URI=/restauracao/encomendasFornecedor/estatisticasCustoPrint?loja=0&fornecedor=17&dataInicio=&dataFim=&artigo=
HTTP_REFERER=http://localhost:8888/restauracao/encomendasFornecedor/estatisticasCusto
---
2014/09/09 00:34:24 [error] [exception.CDbException] exception 'CDbException' with message 'CDbConnection failed to open the DB connection: SQLSTATE[HY000] [2003] Can't connect to MySQL server on '127.0.0.1' (61)' in /Users/sapc/Sites/yii/framework/db/CDbConnection.php:382
Stack trace:
#0 /Users/sapc/Sites/yii/framework/db/CDbConnection.php(331): CDbConnection->open()
#1 /Users/sapc/Sites/yii/framework/db/CDbConnection.php(309): CDbConnection->setActive(true)
#2 /Users/sapc/Sites/yii/framework/base/CModule.php(388): CDbConnection->init()
#3 /Users/sapc/Sites/yii/framework/base/CModule.php(104): CModule->getComponent('db')
#4 /Users/sapc/Sites/restauracao/protected/controllers/EncomendasFornecedorController.php(833): CModule->__get('db')
#5 [internal function]: EncomendasFornecedorController->actionEstatisticasCusto(0, 0, '', '', '')
#6 /Users/sapc/Sites/yii/framework/web/actions/CAction.php(107): ReflectionMethod->invokeArgs(Object(EncomendasFornecedorController), Array)
#7 /Users/sapc/Sites/yii/framework/web/actions/CInlineAction.php(48): CAction->runWithParamsInternal(Object(EncomendasFornecedorController), Object(ReflectionMethod), Array)
#8 /Users/sapc/Sites/yii/framework/web/CController.php(309): CInlineAction->runWithParams(Array)
#9 /Users/sapc/Sites/yii/framework/web/filters/CFilterChain.php(134): CController->runAction(Object(CInlineAction))
#10 /Users/sapc/Sites/yii/framework/web/filters/CFilter.php(41): CFilterChain->run()
#11 /Users/sapc/Sites/yii/framework/web/CController.php(1146): CFilter->filter(Object(CFilterChain))
#12 /Users/sapc/Sites/yii/framework/web/filters/CInlineFilter.php(59): CController->filterAccessControl(Object(CFilterChain))
#13 /Users/sapc/Sites/yii/framework/web/filters/CFilterChain.php(131): CInlineFilter->filter(Object(CFilterChain))
#14 /Users/sapc/Sites/yii/framework/web/CController.php(292): CFilterChain->run()
#15 /Users/sapc/Sites/yii/framework/web/CController.php(266): CController->runActionWithFilters(Object(CInlineAction), Array)
#16 /Users/sapc/Sites/yii/framework/web/CWebApplication.php(283): CController->run('estatisticasCus...')
#17 /Users/sapc/Sites/yii/framework/web/CWebApplication.php(142): CWebApplication->runController('encomendasForne...')
#18 /Users/sapc/Sites/yii/framework/base/CApplication.php(162): CWebApplication->processRequest()
#19 /Users/sapc/Sites/restauracao/index.php(31): CApplication->run()
#20 {main}
REQUEST_URI=/restauracao/encomendasFornecedor/estatisticasCusto
HTTP_REFERER=http://localhost:8888/restauracao/encomendasFornecedor/estatisticasCusto
---
